ARM GAS  /tmp/cc3ejuua.s 			page 1


   1              		.syntax unified
   2              		.cpu cortex-m4
   3              		.fpu softvfp
   4              		.eabi_attribute 20, 1
   5              		.eabi_attribute 21, 1
   6              		.eabi_attribute 23, 3
   7              		.eabi_attribute 24, 1
   8              		.eabi_attribute 25, 1
   9              		.eabi_attribute 26, 1
  10              		.eabi_attribute 30, 2
  11              		.eabi_attribute 34, 1
  12              		.eabi_attribute 18, 4
  13              		.thumb
  14              		.file	"chmsg.c"
  15              		.text
  16              	.Ltext0:
  17              		.cfi_sections	.debug_frame
  18              		.section	.text.chMsgSend,"ax",%progbits
  19              		.align	2
  20              		.p2align 4,,15
  21              		.global	chMsgSend
  22              		.thumb
  23              		.thumb_func
  24              		.type	chMsgSend, %function
  25              	chMsgSend:
  26              	.LFB7:
  27              		.file 1 "../../os/kernel/src/chmsg.c"
  28              		.loc 1 75 0
  29              		.cfi_startproc
  30              		@ args = 0, pretend = 0, frame = 0
  31              		@ frame_needed = 0, uses_anonymous_args = 0
  32              	.LVL0:
  33 0000 70B5     		push	{r4, r5, r6, lr}
  34              	.LCFI0:
  35              		.cfi_def_cfa_offset 16
  36              		.cfi_offset 4, -16
  37              		.cfi_offset 5, -12
  38              		.cfi_offset 6, -8
  39              		.cfi_offset 14, -4
  40              		.loc 1 76 0
  41 0002 0E4B     		ldr	r3, .L5
  42 0004 9C69     		ldr	r4, [r3, #24]
  43              	.LVL1:
  44              	.LBB10:
  45              		.loc 1 80 0
  46 0006 2023     		movs	r3, #32
  47              	.LVL2:
  48              	@ 80 "../../os/kernel/src/chmsg.c" 1
  49 0008 83F31188 		msr     BASEPRI, r3
  50              	@ 0 "" 2
  51              	.LVL3:
  52              		.thumb
  53              	.LBE10:
  54              		.loc 1 82 0
  55 000c 00F12C05 		add	r5, r0, #44
  56 0010 6562     		str	r5, [r4, #36]
  57              	.LVL4:
ARM GAS  /tmp/cc3ejuua.s 			page 2


  58              		.loc 1 84 0
  59 0012 067F     		ldrb	r6, [r0, #28]	@ zero_extendqisi2
  60              	.LBB11:
  61              	.LBB12:
  62              		.file 2 "../../os/kernel/include/chinline.h"
  63              		.loc 2 55 0
  64 0014 036B     		ldr	r3, [r0, #48]
  65              	.LVL5:
  66              		.loc 2 54 0
  67 0016 2560     		str	r5, [r4, #0]
  68              	.LBE12:
  69              	.LBE11:
  70              		.loc 1 84 0
  71 0018 0C2E     		cmp	r6, #12
  72              		.loc 1 81 0
  73 001a 6163     		str	r1, [r4, #52]
  74              	.LBB14:
  75              	.LBB13:
  76              		.loc 2 55 0
  77 001c 6360     		str	r3, [r4, #4]
  78              		.loc 2 56 0
  79 001e 0463     		str	r4, [r0, #48]
  80 0020 1C60     		str	r4, [r3, #0]
  81              	.LBE13:
  82              	.LBE14:
  83              		.loc 1 84 0
  84 0022 07D0     		beq	.L4
  85              	.LVL6:
  86              	.L2:
  87              		.loc 1 86 0
  88 0024 0A20     		movs	r0, #10
  89 0026 FFF7FEFF 		bl	chSchGoSleepS
  90              	.LVL7:
  91              		.loc 1 87 0
  92 002a 606A     		ldr	r0, [r4, #36]
  93              	.LVL8:
  94              	.LBB15:
  95              		.loc 1 88 0
  96 002c 0023     		movs	r3, #0
  97              	.LVL9:
  98              	@ 88 "../../os/kernel/src/chmsg.c" 1
  99 002e 83F31188 		msr     BASEPRI, r3
 100              	@ 0 "" 2
 101              	.LVL10:
 102              		.thumb
 103              	.LBE15:
 104              		.loc 1 90 0
 105 0032 70BD     		pop	{r4, r5, r6, pc}
 106              	.LVL11:
 107              	.L4:
 108              		.loc 1 85 0
 109 0034 FFF7FEFF 		bl	chSchReadyI
 110              	.LVL12:
 111 0038 F4E7     		b	.L2
 112              	.L6:
 113 003a 00BF     		.align	2
 114              	.L5:
ARM GAS  /tmp/cc3ejuua.s 			page 3


 115 003c 00000000 		.word	rlist
 116              		.cfi_endproc
 117              	.LFE7:
 118              		.size	chMsgSend, .-chMsgSend
 119              		.section	.text.chMsgWait,"ax",%progbits
 120              		.align	2
 121              		.p2align 4,,15
 122              		.global	chMsgWait
 123              		.thumb
 124              		.thumb_func
 125              		.type	chMsgWait, %function
 126              	chMsgWait:
 127              	.LFB8:
 128              		.loc 1 106 0
 129              		.cfi_startproc
 130              		@ args = 0, pretend = 0, frame = 0
 131              		@ frame_needed = 0, uses_anonymous_args = 0
 132 0000 10B5     		push	{r4, lr}
 133              	.LCFI1:
 134              		.cfi_def_cfa_offset 8
 135              		.cfi_offset 4, -8
 136              		.cfi_offset 14, -4
 137              	.LBB16:
 138              		.loc 1 109 0
 139 0002 2023     		movs	r3, #32
 140              	.LVL13:
 141              	@ 109 "../../os/kernel/src/chmsg.c" 1
 142 0004 83F31188 		msr     BASEPRI, r3
 143              	@ 0 "" 2
 144              	.LVL14:
 145              		.thumb
 146              	.LBE16:
 147              		.loc 1 110 0
 148 0008 0B4C     		ldr	r4, .L10
 149 000a A369     		ldr	r3, [r4, #24]
 150              	.LVL15:
 151 000c 1A46     		mov	r2, r3
 152 000e 52F82C0F 		ldr	r0, [r2, #44]!
 153 0012 9042     		cmp	r0, r2
 154 0014 08D0     		beq	.L9
 155              	.L8:
 156              	.LVL16:
 157              	.LBB17:
 158              	.LBB18:
 159              		.loc 2 62 0
 160 0016 0168     		ldr	r1, [r0, #0]
 161 0018 D962     		str	r1, [r3, #44]
 162 001a 4A60     		str	r2, [r1, #4]
 163              	.LBE18:
 164              	.LBE17:
 165              		.loc 1 113 0
 166 001c 0B22     		movs	r2, #11
 167 001e 0277     		strb	r2, [r0, #28]
 168              	.LBB19:
 169              		.loc 1 114 0
 170 0020 0023     		movs	r3, #0
 171              	.LVL17:
ARM GAS  /tmp/cc3ejuua.s 			page 4


 172              	@ 114 "../../os/kernel/src/chmsg.c" 1
 173 0022 83F31188 		msr     BASEPRI, r3
 174              	@ 0 "" 2
 175              	.LVL18:
 176              		.thumb
 177              	.LBE19:
 178              		.loc 1 116 0
 179 0026 10BD     		pop	{r4, pc}
 180              	.LVL19:
 181              	.L9:
 182              		.loc 1 111 0
 183 0028 0C20     		movs	r0, #12
 184 002a FFF7FEFF 		bl	chSchGoSleepS
 185              	.LVL20:
 186 002e A369     		ldr	r3, [r4, #24]
 187 0030 1A46     		mov	r2, r3
 188 0032 52F82C0F 		ldr	r0, [r2, #44]!
 189 0036 EEE7     		b	.L8
 190              	.L11:
 191              		.align	2
 192              	.L10:
 193 0038 00000000 		.word	rlist
 194              		.cfi_endproc
 195              	.LFE8:
 196              		.size	chMsgWait, .-chMsgWait
 197 003c AFF30080 		.section	.text.chMsgRelease,"ax",%progbits
 198              		.align	2
 199              		.p2align 4,,15
 200              		.global	chMsgRelease
 201              		.thumb
 202              		.thumb_func
 203              		.type	chMsgRelease, %function
 204              	chMsgRelease:
 205              	.LFB9:
 206              		.loc 1 128 0
 207              		.cfi_startproc
 208              		@ args = 0, pretend = 0, frame = 0
 209              		@ frame_needed = 0, uses_anonymous_args = 0
 210              	.LVL21:
 211 0000 08B5     		push	{r3, lr}
 212              	.LCFI2:
 213              		.cfi_def_cfa_offset 8
 214              		.cfi_offset 3, -8
 215              		.cfi_offset 14, -4
 216              	.LBB20:
 217              		.loc 1 130 0
 218 0002 2023     		movs	r3, #32
 219              	.LVL22:
 220              	@ 130 "../../os/kernel/src/chmsg.c" 1
 221 0004 83F31188 		msr     BASEPRI, r3
 222              	@ 0 "" 2
 223              	.LVL23:
 224              		.thumb
 225              	.LBE20:
 226              		.loc 1 133 0
 227 0008 FFF7FEFF 		bl	chSchWakeupS
 228              	.LVL24:
ARM GAS  /tmp/cc3ejuua.s 			page 5


 229              	.LBB21:
 230              		.loc 1 134 0
 231 000c 0023     		movs	r3, #0
 232              	.LVL25:
 233              	@ 134 "../../os/kernel/src/chmsg.c" 1
 234 000e 83F31188 		msr     BASEPRI, r3
 235              	@ 0 "" 2
 236              	.LVL26:
 237              		.thumb
 238 0012 08BD     		pop	{r3, pc}
 239              	.LBE21:
 240              		.cfi_endproc
 241              	.LFE9:
 242              		.size	chMsgRelease, .-chMsgRelease
 243 0014 AFF30080 		.text
 243      AFF30080 
 243      AFF30080 
 244              	.Letext0:
 245              		.file 3 "/opt/ChibiStudio/tools/gcc-arm-none-eabi-4_7-2013q1/bin/../lib/gcc/arm-none-eabi/4.7.3/..
 246              		.file 4 "../../os/ports/GCC/ARMCMx/chtypes.h"
 247              		.file 5 "../../os/kernel/include/chlists.h"
 248              		.file 6 "../../os/kernel/include/chthreads.h"
 249              		.file 7 "../../os/ports/GCC/ARMCMx/chcore_v7m.h"
 250              		.file 8 "../../os/kernel/include/chschd.h"
 251              		.file 9 "../../os/kernel/include/chmtx.h"
 252              		.section	.debug_info,"",%progbits
 253              	.Ldebug_info0:
 254 0000 C6060000 		.4byte	0x6c6
 255 0004 0200     		.2byte	0x2
 256 0006 00000000 		.4byte	.Ldebug_abbrev0
 257 000a 04       		.byte	0x4
 258 000b 01       		.uleb128 0x1
 259 000c 9D010000 		.4byte	.LASF65
 260 0010 01       		.byte	0x1
 261 0011 19030000 		.4byte	.LASF66
 262 0015 C9000000 		.4byte	.LASF67
 263 0019 18000000 		.4byte	.Ldebug_ranges0+0x18
 264 001d 00000000 		.4byte	0
 265 0021 00000000 		.4byte	0
 266 0025 00000000 		.4byte	.Ldebug_line0
 267 0029 02       		.uleb128 0x2
 268 002a 04       		.byte	0x4
 269 002b 05       		.byte	0x5
 270 002c 696E7400 		.ascii	"int\000"
 271 0030 03       		.uleb128 0x3
 272 0031 04       		.byte	0x4
 273 0032 07       		.byte	0x7
 274 0033 AA000000 		.4byte	.LASF0
 275 0037 03       		.uleb128 0x3
 276 0038 01       		.byte	0x1
 277 0039 06       		.byte	0x6
 278 003a 4F000000 		.4byte	.LASF1
 279 003e 04       		.uleb128 0x4
 280 003f 03030000 		.4byte	.LASF5
 281 0043 03       		.byte	0x3
 282 0044 2A       		.byte	0x2a
 283 0045 49000000 		.4byte	0x49
ARM GAS  /tmp/cc3ejuua.s 			page 6


 284 0049 03       		.uleb128 0x3
 285 004a 01       		.byte	0x1
 286 004b 08       		.byte	0x8
 287 004c F4010000 		.4byte	.LASF2
 288 0050 03       		.uleb128 0x3
 289 0051 02       		.byte	0x2
 290 0052 05       		.byte	0x5
 291 0053 0C020000 		.4byte	.LASF3
 292 0057 03       		.uleb128 0x3
 293 0058 02       		.byte	0x2
 294 0059 07       		.byte	0x7
 295 005a 11010000 		.4byte	.LASF4
 296 005e 04       		.uleb128 0x4
 297 005f EC010000 		.4byte	.LASF6
 298 0063 03       		.byte	0x3
 299 0064 4F       		.byte	0x4f
 300 0065 69000000 		.4byte	0x69
 301 0069 03       		.uleb128 0x3
 302 006a 04       		.byte	0x4
 303 006b 05       		.byte	0x5
 304 006c 75000000 		.4byte	.LASF7
 305 0070 04       		.uleb128 0x4
 306 0071 72020000 		.4byte	.LASF8
 307 0075 03       		.byte	0x3
 308 0076 50       		.byte	0x50
 309 0077 7B000000 		.4byte	0x7b
 310 007b 03       		.uleb128 0x3
 311 007c 04       		.byte	0x4
 312 007d 07       		.byte	0x7
 313 007e B7000000 		.4byte	.LASF9
 314 0082 03       		.uleb128 0x3
 315 0083 08       		.byte	0x8
 316 0084 05       		.byte	0x5
 317 0085 41000000 		.4byte	.LASF10
 318 0089 03       		.uleb128 0x3
 319 008a 08       		.byte	0x8
 320 008b 07       		.byte	0x7
 321 008c 1A000000 		.4byte	.LASF11
 322 0090 03       		.uleb128 0x3
 323 0091 01       		.byte	0x1
 324 0092 02       		.byte	0x2
 325 0093 E6010000 		.4byte	.LASF12
 326 0097 04       		.uleb128 0x4
 327 0098 2A010000 		.4byte	.LASF13
 328 009c 04       		.byte	0x4
 329 009d 2C       		.byte	0x2c
 330 009e 3E000000 		.4byte	0x3e
 331 00a2 04       		.uleb128 0x4
 332 00a3 88000000 		.4byte	.LASF14
 333 00a7 04       		.byte	0x4
 334 00a8 2D       		.byte	0x2d
 335 00a9 3E000000 		.4byte	0x3e
 336 00ad 04       		.uleb128 0x4
 337 00ae 86010000 		.4byte	.LASF15
 338 00b2 04       		.byte	0x4
 339 00b3 2E       		.byte	0x2e
 340 00b4 3E000000 		.4byte	0x3e
ARM GAS  /tmp/cc3ejuua.s 			page 7


 341 00b8 04       		.uleb128 0x4
 342 00b9 6B000000 		.4byte	.LASF16
 343 00bd 04       		.byte	0x4
 344 00be 2F       		.byte	0x2f
 345 00bf 3E000000 		.4byte	0x3e
 346 00c3 04       		.uleb128 0x4
 347 00c4 95010000 		.4byte	.LASF17
 348 00c8 04       		.byte	0x4
 349 00c9 30       		.byte	0x30
 350 00ca 70000000 		.4byte	0x70
 351 00ce 04       		.uleb128 0x4
 352 00cf 24010000 		.4byte	.LASF18
 353 00d3 04       		.byte	0x4
 354 00d4 31       		.byte	0x31
 355 00d5 5E000000 		.4byte	0x5e
 356 00d9 04       		.uleb128 0x4
 357 00da 3E010000 		.4byte	.LASF19
 358 00de 04       		.byte	0x4
 359 00df 33       		.byte	0x33
 360 00e0 70000000 		.4byte	0x70
 361 00e4 04       		.uleb128 0x4
 362 00e5 A7020000 		.4byte	.LASF20
 363 00e9 04       		.byte	0x4
 364 00ea 35       		.byte	0x35
 365 00eb 70000000 		.4byte	0x70
 366 00ef 04       		.uleb128 0x4
 367 00f0 45020000 		.4byte	.LASF21
 368 00f4 05       		.byte	0x5
 369 00f5 2A       		.byte	0x2a
 370 00f6 FA000000 		.4byte	0xfa
 371 00fa 05       		.uleb128 0x5
 372 00fb 45020000 		.4byte	.LASF21
 373 00ff 48       		.byte	0x48
 374 0100 06       		.byte	0x6
 375 0101 5E       		.byte	0x5e
 376 0102 1F020000 		.4byte	0x21f
 377 0106 06       		.uleb128 0x6
 378 0107 36020000 		.4byte	.LASF22
 379 010b 06       		.byte	0x6
 380 010c 5F       		.byte	0x5f
 381 010d 44020000 		.4byte	0x244
 382 0111 02       		.byte	0x2
 383 0112 23       		.byte	0x23
 384 0113 00       		.uleb128 0
 385 0114 06       		.uleb128 0x6
 386 0115 8E010000 		.4byte	.LASF23
 387 0119 06       		.byte	0x6
 388 011a 61       		.byte	0x61
 389 011b 44020000 		.4byte	0x244
 390 011f 02       		.byte	0x2
 391 0120 23       		.byte	0x23
 392 0121 04       		.uleb128 0x4
 393 0122 06       		.uleb128 0x6
 394 0123 3A000000 		.4byte	.LASF24
 395 0127 06       		.byte	0x6
 396 0128 63       		.byte	0x63
 397 0129 C3000000 		.4byte	0xc3
ARM GAS  /tmp/cc3ejuua.s 			page 8


 398 012d 02       		.byte	0x2
 399 012e 23       		.byte	0x23
 400 012f 08       		.uleb128 0x8
 401 0130 06       		.uleb128 0x6
 402 0131 3D030000 		.4byte	.LASF25
 403 0135 06       		.byte	0x6
 404 0136 64       		.byte	0x64
 405 0137 12030000 		.4byte	0x312
 406 013b 02       		.byte	0x2
 407 013c 23       		.byte	0x23
 408 013d 0C       		.uleb128 0xc
 409 013e 06       		.uleb128 0x6
 410 013f 91000000 		.4byte	.LASF26
 411 0143 06       		.byte	0x6
 412 0144 66       		.byte	0x66
 413 0145 44020000 		.4byte	0x244
 414 0149 02       		.byte	0x2
 415 014a 23       		.byte	0x23
 416 014b 10       		.uleb128 0x10
 417 014c 06       		.uleb128 0x6
 418 014d 59010000 		.4byte	.LASF27
 419 0151 06       		.byte	0x6
 420 0152 67       		.byte	0x67
 421 0153 44020000 		.4byte	0x244
 422 0157 02       		.byte	0x2
 423 0158 23       		.byte	0x23
 424 0159 14       		.uleb128 0x14
 425 015a 06       		.uleb128 0x6
 426 015b 12030000 		.4byte	.LASF28
 427 015f 06       		.byte	0x6
 428 0160 6E       		.byte	0x6e
 429 0161 26040000 		.4byte	0x426
 430 0165 02       		.byte	0x2
 431 0166 23       		.byte	0x23
 432 0167 18       		.uleb128 0x18
 433 0168 06       		.uleb128 0x6
 434 0169 16020000 		.4byte	.LASF29
 435 016d 06       		.byte	0x6
 436 016e 79       		.byte	0x79
 437 016f A2000000 		.4byte	0xa2
 438 0173 02       		.byte	0x2
 439 0174 23       		.byte	0x23
 440 0175 1C       		.uleb128 0x1c
 441 0176 06       		.uleb128 0x6
 442 0177 3D020000 		.4byte	.LASF30
 443 017b 06       		.byte	0x6
 444 017c 7D       		.byte	0x7d
 445 017d 97000000 		.4byte	0x97
 446 0181 02       		.byte	0x2
 447 0182 23       		.byte	0x23
 448 0183 1D       		.uleb128 0x1d
 449 0184 06       		.uleb128 0x6
 450 0185 EC020000 		.4byte	.LASF31
 451 0189 06       		.byte	0x6
 452 018a 82       		.byte	0x82
 453 018b AD000000 		.4byte	0xad
 454 018f 02       		.byte	0x2
ARM GAS  /tmp/cc3ejuua.s 			page 9


 455 0190 23       		.byte	0x23
 456 0191 1E       		.uleb128 0x1e
 457 0192 06       		.uleb128 0x6
 458 0193 1E020000 		.4byte	.LASF32
 459 0197 06       		.byte	0x6
 460 0198 88       		.byte	0x88
 461 0199 B8000000 		.4byte	0xb8
 462 019d 02       		.byte	0x2
 463 019e 23       		.byte	0x23
 464 019f 1F       		.uleb128 0x1f
 465 01a0 06       		.uleb128 0x6
 466 01a1 BC020000 		.4byte	.LASF33
 467 01a5 06       		.byte	0x6
 468 01a6 8F       		.byte	0x8f
 469 01a7 3C030000 		.4byte	0x33c
 470 01ab 02       		.byte	0x2
 471 01ac 23       		.byte	0x23
 472 01ad 20       		.uleb128 0x20
 473 01ae 07       		.uleb128 0x7
 474 01af 705F7500 		.ascii	"p_u\000"
 475 01b3 06       		.byte	0x6
 476 01b4 B4       		.byte	0xb4
 477 01b5 F1030000 		.4byte	0x3f1
 478 01b9 02       		.byte	0x2
 479 01ba 23       		.byte	0x23
 480 01bb 24       		.uleb128 0x24
 481 01bc 06       		.uleb128 0x6
 482 01bd 43030000 		.4byte	.LASF34
 483 01c1 06       		.byte	0x6
 484 01c2 B9       		.byte	0xb9
 485 01c3 6C020000 		.4byte	0x26c
 486 01c7 02       		.byte	0x2
 487 01c8 23       		.byte	0x23
 488 01c9 28       		.uleb128 0x28
 489 01ca 06       		.uleb128 0x6
 490 01cb CA020000 		.4byte	.LASF35
 491 01cf 06       		.byte	0x6
 492 01d0 BF       		.byte	0xbf
 493 01d1 4A020000 		.4byte	0x24a
 494 01d5 02       		.byte	0x2
 495 01d6 23       		.byte	0x23
 496 01d7 2C       		.uleb128 0x2c
 497 01d8 06       		.uleb128 0x6
 498 01d9 00000000 		.4byte	.LASF36
 499 01dd 06       		.byte	0x6
 500 01de C3       		.byte	0xc3
 501 01df CE000000 		.4byte	0xce
 502 01e3 02       		.byte	0x2
 503 01e4 23       		.byte	0x23
 504 01e5 34       		.uleb128 0x34
 505 01e6 06       		.uleb128 0x6
 506 01e7 67020000 		.4byte	.LASF37
 507 01eb 06       		.byte	0x6
 508 01ec C9       		.byte	0xc9
 509 01ed D9000000 		.4byte	0xd9
 510 01f1 02       		.byte	0x2
 511 01f2 23       		.byte	0x23
ARM GAS  /tmp/cc3ejuua.s 			page 10


 512 01f3 38       		.uleb128 0x38
 513 01f4 06       		.uleb128 0x6
 514 01f5 02020000 		.4byte	.LASF38
 515 01f9 06       		.byte	0x6
 516 01fa D0       		.byte	0xd0
 517 01fb 38040000 		.4byte	0x438
 518 01ff 02       		.byte	0x2
 519 0200 23       		.byte	0x23
 520 0201 3C       		.uleb128 0x3c
 521 0202 06       		.uleb128 0x6
 522 0203 B1020000 		.4byte	.LASF39
 523 0207 06       		.byte	0x6
 524 0208 D4       		.byte	0xd4
 525 0209 C3000000 		.4byte	0xc3
 526 020d 02       		.byte	0x2
 527 020e 23       		.byte	0x23
 528 020f 40       		.uleb128 0x40
 529 0210 06       		.uleb128 0x6
 530 0211 5B000000 		.4byte	.LASF40
 531 0215 06       		.byte	0x6
 532 0216 DA       		.byte	0xda
 533 0217 82020000 		.4byte	0x282
 534 021b 02       		.byte	0x2
 535 021c 23       		.byte	0x23
 536 021d 44       		.uleb128 0x44
 537 021e 00       		.byte	0
 538 021f 08       		.uleb128 0x8
 539 0220 08       		.byte	0x8
 540 0221 05       		.byte	0x5
 541 0222 61       		.byte	0x61
 542 0223 44020000 		.4byte	0x244
 543 0227 06       		.uleb128 0x6
 544 0228 36020000 		.4byte	.LASF22
 545 022c 05       		.byte	0x5
 546 022d 62       		.byte	0x62
 547 022e 44020000 		.4byte	0x244
 548 0232 02       		.byte	0x2
 549 0233 23       		.byte	0x23
 550 0234 00       		.uleb128 0
 551 0235 06       		.uleb128 0x6
 552 0236 8E010000 		.4byte	.LASF23
 553 023a 05       		.byte	0x5
 554 023b 64       		.byte	0x64
 555 023c 44020000 		.4byte	0x244
 556 0240 02       		.byte	0x2
 557 0241 23       		.byte	0x23
 558 0242 04       		.uleb128 0x4
 559 0243 00       		.byte	0
 560 0244 09       		.uleb128 0x9
 561 0245 04       		.byte	0x4
 562 0246 EF000000 		.4byte	0xef
 563 024a 04       		.uleb128 0x4
 564 024b 67010000 		.4byte	.LASF41
 565 024f 05       		.byte	0x5
 566 0250 66       		.byte	0x66
 567 0251 1F020000 		.4byte	0x21f
 568 0255 08       		.uleb128 0x8
ARM GAS  /tmp/cc3ejuua.s 			page 11


 569 0256 04       		.byte	0x4
 570 0257 05       		.byte	0x5
 571 0258 6B       		.byte	0x6b
 572 0259 6C020000 		.4byte	0x26c
 573 025d 06       		.uleb128 0x6
 574 025e 36020000 		.4byte	.LASF22
 575 0262 05       		.byte	0x5
 576 0263 6D       		.byte	0x6d
 577 0264 44020000 		.4byte	0x244
 578 0268 02       		.byte	0x2
 579 0269 23       		.byte	0x23
 580 026a 00       		.uleb128 0
 581 026b 00       		.byte	0
 582 026c 04       		.uleb128 0x4
 583 026d 32010000 		.4byte	.LASF42
 584 0271 05       		.byte	0x5
 585 0272 70       		.byte	0x70
 586 0273 55020000 		.4byte	0x255
 587 0277 04       		.uleb128 0x4
 588 0278 A1000000 		.4byte	.LASF43
 589 027c 07       		.byte	0x7
 590 027d E5       		.byte	0xe5
 591 027e 82020000 		.4byte	0x282
 592 0282 0A       		.uleb128 0xa
 593 0283 04       		.byte	0x4
 594 0284 0B       		.uleb128 0xb
 595 0285 C3020000 		.4byte	.LASF44
 596 0289 24       		.byte	0x24
 597 028a 07       		.byte	0x7
 598 028b 0C01     		.2byte	0x10c
 599 028d 12030000 		.4byte	0x312
 600 0291 0C       		.uleb128 0xc
 601 0292 723400   		.ascii	"r4\000"
 602 0295 07       		.byte	0x7
 603 0296 1F01     		.2byte	0x11f
 604 0298 77020000 		.4byte	0x277
 605 029c 02       		.byte	0x2
 606 029d 23       		.byte	0x23
 607 029e 00       		.uleb128 0
 608 029f 0C       		.uleb128 0xc
 609 02a0 723500   		.ascii	"r5\000"
 610 02a3 07       		.byte	0x7
 611 02a4 2001     		.2byte	0x120
 612 02a6 77020000 		.4byte	0x277
 613 02aa 02       		.byte	0x2
 614 02ab 23       		.byte	0x23
 615 02ac 04       		.uleb128 0x4
 616 02ad 0C       		.uleb128 0xc
 617 02ae 723600   		.ascii	"r6\000"
 618 02b1 07       		.byte	0x7
 619 02b2 2101     		.2byte	0x121
 620 02b4 77020000 		.4byte	0x277
 621 02b8 02       		.byte	0x2
 622 02b9 23       		.byte	0x23
 623 02ba 08       		.uleb128 0x8
 624 02bb 0C       		.uleb128 0xc
 625 02bc 723700   		.ascii	"r7\000"
ARM GAS  /tmp/cc3ejuua.s 			page 12


 626 02bf 07       		.byte	0x7
 627 02c0 2201     		.2byte	0x122
 628 02c2 77020000 		.4byte	0x277
 629 02c6 02       		.byte	0x2
 630 02c7 23       		.byte	0x23
 631 02c8 0C       		.uleb128 0xc
 632 02c9 0C       		.uleb128 0xc
 633 02ca 723800   		.ascii	"r8\000"
 634 02cd 07       		.byte	0x7
 635 02ce 2301     		.2byte	0x123
 636 02d0 77020000 		.4byte	0x277
 637 02d4 02       		.byte	0x2
 638 02d5 23       		.byte	0x23
 639 02d6 10       		.uleb128 0x10
 640 02d7 0C       		.uleb128 0xc
 641 02d8 723900   		.ascii	"r9\000"
 642 02db 07       		.byte	0x7
 643 02dc 2401     		.2byte	0x124
 644 02de 77020000 		.4byte	0x277
 645 02e2 02       		.byte	0x2
 646 02e3 23       		.byte	0x23
 647 02e4 14       		.uleb128 0x14
 648 02e5 0C       		.uleb128 0xc
 649 02e6 72313000 		.ascii	"r10\000"
 650 02ea 07       		.byte	0x7
 651 02eb 2501     		.2byte	0x125
 652 02ed 77020000 		.4byte	0x277
 653 02f1 02       		.byte	0x2
 654 02f2 23       		.byte	0x23
 655 02f3 18       		.uleb128 0x18
 656 02f4 0C       		.uleb128 0xc
 657 02f5 72313100 		.ascii	"r11\000"
 658 02f9 07       		.byte	0x7
 659 02fa 2601     		.2byte	0x126
 660 02fc 77020000 		.4byte	0x277
 661 0300 02       		.byte	0x2
 662 0301 23       		.byte	0x23
 663 0302 1C       		.uleb128 0x1c
 664 0303 0C       		.uleb128 0xc
 665 0304 6C7200   		.ascii	"lr\000"
 666 0307 07       		.byte	0x7
 667 0308 2701     		.2byte	0x127
 668 030a 77020000 		.4byte	0x277
 669 030e 02       		.byte	0x2
 670 030f 23       		.byte	0x23
 671 0310 20       		.uleb128 0x20
 672 0311 00       		.byte	0
 673 0312 0B       		.uleb128 0xb
 674 0313 09010000 		.4byte	.LASF45
 675 0317 04       		.byte	0x4
 676 0318 07       		.byte	0x7
 677 0319 3101     		.2byte	0x131
 678 031b 2F030000 		.4byte	0x32f
 679 031f 0C       		.uleb128 0xc
 680 0320 72313300 		.ascii	"r13\000"
 681 0324 07       		.byte	0x7
 682 0325 3201     		.2byte	0x132
ARM GAS  /tmp/cc3ejuua.s 			page 13


 683 0327 2F030000 		.4byte	0x32f
 684 032b 02       		.byte	0x2
 685 032c 23       		.byte	0x23
 686 032d 00       		.uleb128 0
 687 032e 00       		.byte	0
 688 032f 09       		.uleb128 0x9
 689 0330 04       		.byte	0x4
 690 0331 84020000 		.4byte	0x284
 691 0335 03       		.uleb128 0x3
 692 0336 04       		.byte	0x4
 693 0337 07       		.byte	0x7
 694 0338 50010000 		.4byte	.LASF46
 695 033c 0D       		.uleb128 0xd
 696 033d E4000000 		.4byte	0xe4
 697 0341 08       		.uleb128 0x8
 698 0342 1C       		.byte	0x1c
 699 0343 08       		.byte	0x8
 700 0344 5E       		.byte	0x5e
 701 0345 9E030000 		.4byte	0x39e
 702 0349 06       		.uleb128 0x6
 703 034a 7B020000 		.4byte	.LASF47
 704 034e 08       		.byte	0x8
 705 034f 5F       		.byte	0x5f
 706 0350 4A020000 		.4byte	0x24a
 707 0354 02       		.byte	0x2
 708 0355 23       		.byte	0x23
 709 0356 00       		.uleb128 0
 710 0357 06       		.uleb128 0x6
 711 0358 28020000 		.4byte	.LASF48
 712 035c 08       		.byte	0x8
 713 035d 60       		.byte	0x60
 714 035e C3000000 		.4byte	0xc3
 715 0362 02       		.byte	0x2
 716 0363 23       		.byte	0x23
 717 0364 08       		.uleb128 0x8
 718 0365 06       		.uleb128 0x6
 719 0366 61010000 		.4byte	.LASF49
 720 036a 08       		.byte	0x8
 721 036b 62       		.byte	0x62
 722 036c 12030000 		.4byte	0x312
 723 0370 02       		.byte	0x2
 724 0371 23       		.byte	0x23
 725 0372 0C       		.uleb128 0xc
 726 0373 06       		.uleb128 0x6
 727 0374 99000000 		.4byte	.LASF50
 728 0378 08       		.byte	0x8
 729 0379 65       		.byte	0x65
 730 037a 44020000 		.4byte	0x244
 731 037e 02       		.byte	0x2
 732 037f 23       		.byte	0x23
 733 0380 10       		.uleb128 0x10
 734 0381 06       		.uleb128 0x6
 735 0382 7E010000 		.4byte	.LASF51
 736 0386 08       		.byte	0x8
 737 0387 66       		.byte	0x66
 738 0388 44020000 		.4byte	0x244
 739 038c 02       		.byte	0x2
ARM GAS  /tmp/cc3ejuua.s 			page 14


 740 038d 23       		.byte	0x23
 741 038e 14       		.uleb128 0x14
 742 038f 06       		.uleb128 0x6
 743 0390 74010000 		.4byte	.LASF52
 744 0394 08       		.byte	0x8
 745 0395 69       		.byte	0x69
 746 0396 44020000 		.4byte	0x244
 747 039a 02       		.byte	0x2
 748 039b 23       		.byte	0x23
 749 039c 18       		.uleb128 0x18
 750 039d 00       		.byte	0
 751 039e 04       		.uleb128 0x4
 752 039f F3020000 		.4byte	.LASF53
 753 03a3 08       		.byte	0x8
 754 03a4 6B       		.byte	0x6b
 755 03a5 41030000 		.4byte	0x341
 756 03a9 05       		.uleb128 0x5
 757 03aa 4A010000 		.4byte	.LASF54
 758 03ae 10       		.byte	0x10
 759 03af 09       		.byte	0x9
 760 03b0 2C       		.byte	0x2c
 761 03b1 E0030000 		.4byte	0x3e0
 762 03b5 06       		.uleb128 0x6
 763 03b6 63000000 		.4byte	.LASF55
 764 03ba 09       		.byte	0x9
 765 03bb 2D       		.byte	0x2d
 766 03bc 4A020000 		.4byte	0x24a
 767 03c0 02       		.byte	0x2
 768 03c1 23       		.byte	0x23
 769 03c2 00       		.uleb128 0
 770 03c3 06       		.uleb128 0x6
 771 03c4 35030000 		.4byte	.LASF56
 772 03c8 09       		.byte	0x9
 773 03c9 2F       		.byte	0x2f
 774 03ca 44020000 		.4byte	0x244
 775 03ce 02       		.byte	0x2
 776 03cf 23       		.byte	0x23
 777 03d0 08       		.uleb128 0x8
 778 03d1 06       		.uleb128 0x6
 779 03d2 A0020000 		.4byte	.LASF57
 780 03d6 09       		.byte	0x9
 781 03d7 31       		.byte	0x31
 782 03d8 E0030000 		.4byte	0x3e0
 783 03dc 02       		.byte	0x2
 784 03dd 23       		.byte	0x23
 785 03de 0C       		.uleb128 0xc
 786 03df 00       		.byte	0
 787 03e0 09       		.uleb128 0x9
 788 03e1 04       		.byte	0x4
 789 03e2 A9030000 		.4byte	0x3a9
 790 03e6 04       		.uleb128 0x4
 791 03e7 4A010000 		.4byte	.LASF54
 792 03eb 09       		.byte	0x9
 793 03ec 33       		.byte	0x33
 794 03ed A9030000 		.4byte	0x3a9
 795 03f1 0E       		.uleb128 0xe
 796 03f2 04       		.byte	0x4
ARM GAS  /tmp/cc3ejuua.s 			page 15


 797 03f3 06       		.byte	0x6
 798 03f4 96       		.byte	0x96
 799 03f5 26040000 		.4byte	0x426
 800 03f9 0F       		.uleb128 0xf
 801 03fa 13000000 		.4byte	.LASF58
 802 03fe 06       		.byte	0x6
 803 03ff 9D       		.byte	0x9d
 804 0400 CE000000 		.4byte	0xce
 805 0404 0F       		.uleb128 0xf
 806 0405 31000000 		.4byte	.LASF59
 807 0409 06       		.byte	0x6
 808 040a A4       		.byte	0xa4
 809 040b CE000000 		.4byte	0xce
 810 040f 0F       		.uleb128 0xf
 811 0410 0B030000 		.4byte	.LASF60
 812 0414 06       		.byte	0x6
 813 0415 AB       		.byte	0xab
 814 0416 82020000 		.4byte	0x282
 815 041a 0F       		.uleb128 0xf
 816 041b 2F020000 		.4byte	.LASF61
 817 041f 06       		.byte	0x6
 818 0420 B2       		.byte	0xb2
 819 0421 D9000000 		.4byte	0xd9
 820 0425 00       		.byte	0
 821 0426 09       		.uleb128 0x9
 822 0427 04       		.byte	0x4
 823 0428 2C040000 		.4byte	0x42c
 824 042c 10       		.uleb128 0x10
 825 042d 31040000 		.4byte	0x431
 826 0431 03       		.uleb128 0x3
 827 0432 01       		.byte	0x1
 828 0433 08       		.byte	0x8
 829 0434 8F020000 		.4byte	.LASF62
 830 0438 09       		.uleb128 0x9
 831 0439 04       		.byte	0x4
 832 043a E6030000 		.4byte	0x3e6
 833 043e 11       		.uleb128 0x11
 834 043f 06000000 		.4byte	.LASF68
 835 0443 02       		.byte	0x2
 836 0444 34       		.byte	0x34
 837 0445 01       		.byte	0x1
 838 0446 03       		.byte	0x3
 839 0447 61040000 		.4byte	0x461
 840 044b 12       		.uleb128 0x12
 841 044c 747000   		.ascii	"tp\000"
 842 044f 02       		.byte	0x2
 843 0450 34       		.byte	0x34
 844 0451 44020000 		.4byte	0x244
 845 0455 12       		.uleb128 0x12
 846 0456 74717000 		.ascii	"tqp\000"
 847 045a 02       		.byte	0x2
 848 045b 34       		.byte	0x34
 849 045c 61040000 		.4byte	0x461
 850 0460 00       		.byte	0
 851 0461 09       		.uleb128 0x9
 852 0462 04       		.byte	0x4
 853 0463 4A020000 		.4byte	0x24a
ARM GAS  /tmp/cc3ejuua.s 			page 16


 854 0467 13       		.uleb128 0x13
 855 0468 94020000 		.4byte	.LASF69
 856 046c 02       		.byte	0x2
 857 046d 3B       		.byte	0x3b
 858 046e 01       		.byte	0x1
 859 046f 44020000 		.4byte	0x244
 860 0473 03       		.byte	0x3
 861 0474 8E040000 		.4byte	0x48e
 862 0478 12       		.uleb128 0x12
 863 0479 74717000 		.ascii	"tqp\000"
 864 047d 02       		.byte	0x2
 865 047e 3B       		.byte	0x3b
 866 047f 61040000 		.4byte	0x461
 867 0483 14       		.uleb128 0x14
 868 0484 747000   		.ascii	"tp\000"
 869 0487 02       		.byte	0x2
 870 0488 3C       		.byte	0x3c
 871 0489 44020000 		.4byte	0x244
 872 048d 00       		.byte	0
 873 048e 15       		.uleb128 0x15
 874 048f 01       		.byte	0x1
 875 0490 7E000000 		.4byte	.LASF63
 876 0494 01       		.byte	0x1
 877 0495 4B       		.byte	0x4b
 878 0496 01       		.byte	0x1
 879 0497 CE000000 		.4byte	0xce
 880 049b 00000000 		.4byte	.LFB7
 881 049f 40000000 		.4byte	.LFE7
 882 04a3 00000000 		.4byte	.LLST0
 883 04a7 01       		.byte	0x1
 884 04a8 4F050000 		.4byte	0x54f
 885 04ac 16       		.uleb128 0x16
 886 04ad 747000   		.ascii	"tp\000"
 887 04b0 01       		.byte	0x1
 888 04b1 4B       		.byte	0x4b
 889 04b2 44020000 		.4byte	0x244
 890 04b6 20000000 		.4byte	.LLST1
 891 04ba 16       		.uleb128 0x16
 892 04bb 6D736700 		.ascii	"msg\000"
 893 04bf 01       		.byte	0x1
 894 04c0 4B       		.byte	0x4b
 895 04c1 CE000000 		.4byte	0xce
 896 04c5 58000000 		.4byte	.LLST2
 897 04c9 17       		.uleb128 0x17
 898 04ca 63747000 		.ascii	"ctp\000"
 899 04ce 01       		.byte	0x1
 900 04cf 4C       		.byte	0x4c
 901 04d0 44020000 		.4byte	0x244
 902 04d4 01       		.byte	0x1
 903 04d5 54       		.byte	0x54
 904 04d6 18       		.uleb128 0x18
 905 04d7 06000000 		.4byte	.LBB10
 906 04db 0C000000 		.4byte	.LBE10
 907 04df F3040000 		.4byte	0x4f3
 908 04e3 19       		.uleb128 0x19
 909 04e4 746D7000 		.ascii	"tmp\000"
 910 04e8 01       		.byte	0x1
ARM GAS  /tmp/cc3ejuua.s 			page 17


 911 04e9 50       		.byte	0x50
 912 04ea 70000000 		.4byte	0x70
 913 04ee 9D000000 		.4byte	.LLST3
 914 04f2 00       		.byte	0
 915 04f3 1A       		.uleb128 0x1a
 916 04f4 3E040000 		.4byte	0x43e
 917 04f8 14000000 		.4byte	.LBB11
 918 04fc 00000000 		.4byte	.Ldebug_ranges0+0
 919 0500 01       		.byte	0x1
 920 0501 53       		.byte	0x53
 921 0502 15050000 		.4byte	0x515
 922 0506 1B       		.uleb128 0x1b
 923 0507 55040000 		.4byte	0x455
 924 050b 01       		.byte	0x1
 925 050c 55       		.byte	0x55
 926 050d 1B       		.uleb128 0x1b
 927 050e 4B040000 		.4byte	0x44b
 928 0512 01       		.byte	0x1
 929 0513 54       		.byte	0x54
 930 0514 00       		.byte	0
 931 0515 18       		.uleb128 0x18
 932 0516 2C000000 		.4byte	.LBB15
 933 051a 32000000 		.4byte	.LBE15
 934 051e 32050000 		.4byte	0x532
 935 0522 19       		.uleb128 0x19
 936 0523 746D7000 		.ascii	"tmp\000"
 937 0527 01       		.byte	0x1
 938 0528 58       		.byte	0x58
 939 0529 70000000 		.4byte	0x70
 940 052d B0000000 		.4byte	.LLST4
 941 0531 00       		.byte	0
 942 0532 1C       		.uleb128 0x1c
 943 0533 2A000000 		.4byte	.LVL7
 944 0537 88060000 		.4byte	0x688
 945 053b 45050000 		.4byte	0x545
 946 053f 1D       		.uleb128 0x1d
 947 0540 01       		.byte	0x1
 948 0541 50       		.byte	0x50
 949 0542 01       		.byte	0x1
 950 0543 3A       		.byte	0x3a
 951 0544 00       		.byte	0
 952 0545 1E       		.uleb128 0x1e
 953 0546 38000000 		.4byte	.LVL12
 954 054a 9C060000 		.4byte	0x69c
 955 054e 00       		.byte	0
 956 054f 15       		.uleb128 0x15
 957 0550 01       		.byte	0x1
 958 0551 E2020000 		.4byte	.LASF64
 959 0555 01       		.byte	0x1
 960 0556 6A       		.byte	0x6a
 961 0557 01       		.byte	0x1
 962 0558 44020000 		.4byte	0x244
 963 055c 00000000 		.4byte	.LFB8
 964 0560 3C000000 		.4byte	.LFE8
 965 0564 C3000000 		.4byte	.LLST5
 966 0568 01       		.byte	0x1
 967 0569 F1050000 		.4byte	0x5f1
ARM GAS  /tmp/cc3ejuua.s 			page 18


 968 056d 14       		.uleb128 0x14
 969 056e 747000   		.ascii	"tp\000"
 970 0571 01       		.byte	0x1
 971 0572 6B       		.byte	0x6b
 972 0573 44020000 		.4byte	0x244
 973 0577 18       		.uleb128 0x18
 974 0578 02000000 		.4byte	.LBB16
 975 057c 08000000 		.4byte	.LBE16
 976 0580 94050000 		.4byte	0x594
 977 0584 19       		.uleb128 0x19
 978 0585 746D7000 		.ascii	"tmp\000"
 979 0589 01       		.byte	0x1
 980 058a 6D       		.byte	0x6d
 981 058b 70000000 		.4byte	0x70
 982 058f E3000000 		.4byte	.LLST6
 983 0593 00       		.byte	0
 984 0594 1F       		.uleb128 0x1f
 985 0595 67040000 		.4byte	0x467
 986 0599 16000000 		.4byte	.LBB17
 987 059d 1C000000 		.4byte	.LBE17
 988 05a1 01       		.byte	0x1
 989 05a2 70       		.byte	0x70
 990 05a3 C4050000 		.4byte	0x5c4
 991 05a7 20       		.uleb128 0x20
 992 05a8 78040000 		.4byte	0x478
 993 05ac F6000000 		.4byte	.LLST7
 994 05b0 21       		.uleb128 0x21
 995 05b1 16000000 		.4byte	.LBB18
 996 05b5 1C000000 		.4byte	.LBE18
 997 05b9 22       		.uleb128 0x22
 998 05ba 83040000 		.4byte	0x483
 999 05be 0B010000 		.4byte	.LLST8
 1000 05c2 00       		.byte	0
 1001 05c3 00       		.byte	0
 1002 05c4 18       		.uleb128 0x18
 1003 05c5 20000000 		.4byte	.LBB19
 1004 05c9 26000000 		.4byte	.LBE19
 1005 05cd E1050000 		.4byte	0x5e1
 1006 05d1 19       		.uleb128 0x19
 1007 05d2 746D7000 		.ascii	"tmp\000"
 1008 05d6 01       		.byte	0x1
 1009 05d7 72       		.byte	0x72
 1010 05d8 70000000 		.4byte	0x70
 1011 05dc 1E010000 		.4byte	.LLST9
 1012 05e0 00       		.byte	0
 1013 05e1 23       		.uleb128 0x23
 1014 05e2 2E000000 		.4byte	.LVL20
 1015 05e6 88060000 		.4byte	0x688
 1016 05ea 1D       		.uleb128 0x1d
 1017 05eb 01       		.byte	0x1
 1018 05ec 50       		.byte	0x50
 1019 05ed 01       		.byte	0x1
 1020 05ee 3C       		.byte	0x3c
 1021 05ef 00       		.byte	0
 1022 05f0 00       		.byte	0
 1023 05f1 24       		.uleb128 0x24
 1024 05f2 01       		.byte	0x1
ARM GAS  /tmp/cc3ejuua.s 			page 19


 1025 05f3 4C020000 		.4byte	.LASF70
 1026 05f7 01       		.byte	0x1
 1027 05f8 80       		.byte	0x80
 1028 05f9 01       		.byte	0x1
 1029 05fa 00000000 		.4byte	.LFB9
 1030 05fe 14000000 		.4byte	.LFE9
 1031 0602 31010000 		.4byte	.LLST10
 1032 0606 01       		.byte	0x1
 1033 0607 7B060000 		.4byte	0x67b
 1034 060b 16       		.uleb128 0x16
 1035 060c 747000   		.ascii	"tp\000"
 1036 060f 01       		.byte	0x1
 1037 0610 80       		.byte	0x80
 1038 0611 44020000 		.4byte	0x244
 1039 0615 51010000 		.4byte	.LLST11
 1040 0619 16       		.uleb128 0x16
 1041 061a 6D736700 		.ascii	"msg\000"
 1042 061e 01       		.byte	0x1
 1043 061f 80       		.byte	0x80
 1044 0620 CE000000 		.4byte	0xce
 1045 0624 72010000 		.4byte	.LLST12
 1046 0628 18       		.uleb128 0x18
 1047 0629 02000000 		.4byte	.LBB20
 1048 062d 08000000 		.4byte	.LBE20
 1049 0631 45060000 		.4byte	0x645
 1050 0635 19       		.uleb128 0x19
 1051 0636 746D7000 		.ascii	"tmp\000"
 1052 063a 01       		.byte	0x1
 1053 063b 82       		.byte	0x82
 1054 063c 70000000 		.4byte	0x70
 1055 0640 93010000 		.4byte	.LLST13
 1056 0644 00       		.byte	0
 1057 0645 18       		.uleb128 0x18
 1058 0646 0C000000 		.4byte	.LBB21
 1059 064a 14000000 		.4byte	.LBE21
 1060 064e 62060000 		.4byte	0x662
 1061 0652 19       		.uleb128 0x19
 1062 0653 746D7000 		.ascii	"tmp\000"
 1063 0657 01       		.byte	0x1
 1064 0658 86       		.byte	0x86
 1065 0659 70000000 		.4byte	0x70
 1066 065d A6010000 		.4byte	.LLST14
 1067 0661 00       		.byte	0
 1068 0662 23       		.uleb128 0x23
 1069 0663 0C000000 		.4byte	.LVL24
 1070 0667 B4060000 		.4byte	0x6b4
 1071 066b 1D       		.uleb128 0x1d
 1072 066c 01       		.byte	0x1
 1073 066d 51       		.byte	0x51
 1074 066e 03       		.byte	0x3
 1075 066f F3       		.byte	0xf3
 1076 0670 01       		.uleb128 0x1
 1077 0671 51       		.byte	0x51
 1078 0672 1D       		.uleb128 0x1d
 1079 0673 01       		.byte	0x1
 1080 0674 50       		.byte	0x50
 1081 0675 03       		.byte	0x3
ARM GAS  /tmp/cc3ejuua.s 			page 20


 1082 0676 F3       		.byte	0xf3
 1083 0677 01       		.uleb128 0x1
 1084 0678 50       		.byte	0x50
 1085 0679 00       		.byte	0
 1086 067a 00       		.byte	0
 1087 067b 25       		.uleb128 0x25
 1088 067c FD020000 		.4byte	.LASF71
 1089 0680 08       		.byte	0x8
 1090 0681 6F       		.byte	0x6f
 1091 0682 9E030000 		.4byte	0x39e
 1092 0686 01       		.byte	0x1
 1093 0687 01       		.byte	0x1
 1094 0688 26       		.uleb128 0x26
 1095 0689 01       		.byte	0x1
 1096 068a 59020000 		.4byte	.LASF72
 1097 068e 08       		.byte	0x8
 1098 068f 93       		.byte	0x93
 1099 0690 01       		.byte	0x1
 1100 0691 01       		.byte	0x1
 1101 0692 9C060000 		.4byte	0x69c
 1102 0696 27       		.uleb128 0x27
 1103 0697 A2000000 		.4byte	0xa2
 1104 069b 00       		.byte	0
 1105 069c 28       		.uleb128 0x28
 1106 069d 01       		.byte	0x1
 1107 069e 83020000 		.4byte	.LASF73
 1108 06a2 08       		.byte	0x8
 1109 06a3 90       		.byte	0x90
 1110 06a4 01       		.byte	0x1
 1111 06a5 44020000 		.4byte	0x244
 1112 06a9 01       		.byte	0x1
 1113 06aa B4060000 		.4byte	0x6b4
 1114 06ae 27       		.uleb128 0x27
 1115 06af 44020000 		.4byte	0x244
 1116 06b3 00       		.byte	0
 1117 06b4 29       		.uleb128 0x29
 1118 06b5 01       		.byte	0x1
 1119 06b6 D5020000 		.4byte	.LASF74
 1120 06ba 08       		.byte	0x8
 1121 06bb 99       		.byte	0x99
 1122 06bc 01       		.byte	0x1
 1123 06bd 01       		.byte	0x1
 1124 06be 27       		.uleb128 0x27
 1125 06bf 44020000 		.4byte	0x244
 1126 06c3 27       		.uleb128 0x27
 1127 06c4 CE000000 		.4byte	0xce
 1128 06c8 00       		.byte	0
 1129 06c9 00       		.byte	0
 1130              		.section	.debug_abbrev,"",%progbits
 1131              	.Ldebug_abbrev0:
 1132 0000 01       		.uleb128 0x1
 1133 0001 11       		.uleb128 0x11
 1134 0002 01       		.byte	0x1
 1135 0003 25       		.uleb128 0x25
 1136 0004 0E       		.uleb128 0xe
 1137 0005 13       		.uleb128 0x13
 1138 0006 0B       		.uleb128 0xb
ARM GAS  /tmp/cc3ejuua.s 			page 21


 1139 0007 03       		.uleb128 0x3
 1140 0008 0E       		.uleb128 0xe
 1141 0009 1B       		.uleb128 0x1b
 1142 000a 0E       		.uleb128 0xe
 1143 000b 55       		.uleb128 0x55
 1144 000c 06       		.uleb128 0x6
 1145 000d 11       		.uleb128 0x11
 1146 000e 01       		.uleb128 0x1
 1147 000f 52       		.uleb128 0x52
 1148 0010 01       		.uleb128 0x1
 1149 0011 10       		.uleb128 0x10
 1150 0012 06       		.uleb128 0x6
 1151 0013 00       		.byte	0
 1152 0014 00       		.byte	0
 1153 0015 02       		.uleb128 0x2
 1154 0016 24       		.uleb128 0x24
 1155 0017 00       		.byte	0
 1156 0018 0B       		.uleb128 0xb
 1157 0019 0B       		.uleb128 0xb
 1158 001a 3E       		.uleb128 0x3e
 1159 001b 0B       		.uleb128 0xb
 1160 001c 03       		.uleb128 0x3
 1161 001d 08       		.uleb128 0x8
 1162 001e 00       		.byte	0
 1163 001f 00       		.byte	0
 1164 0020 03       		.uleb128 0x3
 1165 0021 24       		.uleb128 0x24
 1166 0022 00       		.byte	0
 1167 0023 0B       		.uleb128 0xb
 1168 0024 0B       		.uleb128 0xb
 1169 0025 3E       		.uleb128 0x3e
 1170 0026 0B       		.uleb128 0xb
 1171 0027 03       		.uleb128 0x3
 1172 0028 0E       		.uleb128 0xe
 1173 0029 00       		.byte	0
 1174 002a 00       		.byte	0
 1175 002b 04       		.uleb128 0x4
 1176 002c 16       		.uleb128 0x16
 1177 002d 00       		.byte	0
 1178 002e 03       		.uleb128 0x3
 1179 002f 0E       		.uleb128 0xe
 1180 0030 3A       		.uleb128 0x3a
 1181 0031 0B       		.uleb128 0xb
 1182 0032 3B       		.uleb128 0x3b
 1183 0033 0B       		.uleb128 0xb
 1184 0034 49       		.uleb128 0x49
 1185 0035 13       		.uleb128 0x13
 1186 0036 00       		.byte	0
 1187 0037 00       		.byte	0
 1188 0038 05       		.uleb128 0x5
 1189 0039 13       		.uleb128 0x13
 1190 003a 01       		.byte	0x1
 1191 003b 03       		.uleb128 0x3
 1192 003c 0E       		.uleb128 0xe
 1193 003d 0B       		.uleb128 0xb
 1194 003e 0B       		.uleb128 0xb
 1195 003f 3A       		.uleb128 0x3a
ARM GAS  /tmp/cc3ejuua.s 			page 22


 1196 0040 0B       		.uleb128 0xb
 1197 0041 3B       		.uleb128 0x3b
 1198 0042 0B       		.uleb128 0xb
 1199 0043 01       		.uleb128 0x1
 1200 0044 13       		.uleb128 0x13
 1201 0045 00       		.byte	0
 1202 0046 00       		.byte	0
 1203 0047 06       		.uleb128 0x6
 1204 0048 0D       		.uleb128 0xd
 1205 0049 00       		.byte	0
 1206 004a 03       		.uleb128 0x3
 1207 004b 0E       		.uleb128 0xe
 1208 004c 3A       		.uleb128 0x3a
 1209 004d 0B       		.uleb128 0xb
 1210 004e 3B       		.uleb128 0x3b
 1211 004f 0B       		.uleb128 0xb
 1212 0050 49       		.uleb128 0x49
 1213 0051 13       		.uleb128 0x13
 1214 0052 38       		.uleb128 0x38
 1215 0053 0A       		.uleb128 0xa
 1216 0054 00       		.byte	0
 1217 0055 00       		.byte	0
 1218 0056 07       		.uleb128 0x7
 1219 0057 0D       		.uleb128 0xd
 1220 0058 00       		.byte	0
 1221 0059 03       		.uleb128 0x3
 1222 005a 08       		.uleb128 0x8
 1223 005b 3A       		.uleb128 0x3a
 1224 005c 0B       		.uleb128 0xb
 1225 005d 3B       		.uleb128 0x3b
 1226 005e 0B       		.uleb128 0xb
 1227 005f 49       		.uleb128 0x49
 1228 0060 13       		.uleb128 0x13
 1229 0061 38       		.uleb128 0x38
 1230 0062 0A       		.uleb128 0xa
 1231 0063 00       		.byte	0
 1232 0064 00       		.byte	0
 1233 0065 08       		.uleb128 0x8
 1234 0066 13       		.uleb128 0x13
 1235 0067 01       		.byte	0x1
 1236 0068 0B       		.uleb128 0xb
 1237 0069 0B       		.uleb128 0xb
 1238 006a 3A       		.uleb128 0x3a
 1239 006b 0B       		.uleb128 0xb
 1240 006c 3B       		.uleb128 0x3b
 1241 006d 0B       		.uleb128 0xb
 1242 006e 01       		.uleb128 0x1
 1243 006f 13       		.uleb128 0x13
 1244 0070 00       		.byte	0
 1245 0071 00       		.byte	0
 1246 0072 09       		.uleb128 0x9
 1247 0073 0F       		.uleb128 0xf
 1248 0074 00       		.byte	0
 1249 0075 0B       		.uleb128 0xb
 1250 0076 0B       		.uleb128 0xb
 1251 0077 49       		.uleb128 0x49
 1252 0078 13       		.uleb128 0x13
ARM GAS  /tmp/cc3ejuua.s 			page 23


 1253 0079 00       		.byte	0
 1254 007a 00       		.byte	0
 1255 007b 0A       		.uleb128 0xa
 1256 007c 0F       		.uleb128 0xf
 1257 007d 00       		.byte	0
 1258 007e 0B       		.uleb128 0xb
 1259 007f 0B       		.uleb128 0xb
 1260 0080 00       		.byte	0
 1261 0081 00       		.byte	0
 1262 0082 0B       		.uleb128 0xb
 1263 0083 13       		.uleb128 0x13
 1264 0084 01       		.byte	0x1
 1265 0085 03       		.uleb128 0x3
 1266 0086 0E       		.uleb128 0xe
 1267 0087 0B       		.uleb128 0xb
 1268 0088 0B       		.uleb128 0xb
 1269 0089 3A       		.uleb128 0x3a
 1270 008a 0B       		.uleb128 0xb
 1271 008b 3B       		.uleb128 0x3b
 1272 008c 05       		.uleb128 0x5
 1273 008d 01       		.uleb128 0x1
 1274 008e 13       		.uleb128 0x13
 1275 008f 00       		.byte	0
 1276 0090 00       		.byte	0
 1277 0091 0C       		.uleb128 0xc
 1278 0092 0D       		.uleb128 0xd
 1279 0093 00       		.byte	0
 1280 0094 03       		.uleb128 0x3
 1281 0095 08       		.uleb128 0x8
 1282 0096 3A       		.uleb128 0x3a
 1283 0097 0B       		.uleb128 0xb
 1284 0098 3B       		.uleb128 0x3b
 1285 0099 05       		.uleb128 0x5
 1286 009a 49       		.uleb128 0x49
 1287 009b 13       		.uleb128 0x13
 1288 009c 38       		.uleb128 0x38
 1289 009d 0A       		.uleb128 0xa
 1290 009e 00       		.byte	0
 1291 009f 00       		.byte	0
 1292 00a0 0D       		.uleb128 0xd
 1293 00a1 35       		.uleb128 0x35
 1294 00a2 00       		.byte	0
 1295 00a3 49       		.uleb128 0x49
 1296 00a4 13       		.uleb128 0x13
 1297 00a5 00       		.byte	0
 1298 00a6 00       		.byte	0
 1299 00a7 0E       		.uleb128 0xe
 1300 00a8 17       		.uleb128 0x17
 1301 00a9 01       		.byte	0x1
 1302 00aa 0B       		.uleb128 0xb
 1303 00ab 0B       		.uleb128 0xb
 1304 00ac 3A       		.uleb128 0x3a
 1305 00ad 0B       		.uleb128 0xb
 1306 00ae 3B       		.uleb128 0x3b
 1307 00af 0B       		.uleb128 0xb
 1308 00b0 01       		.uleb128 0x1
 1309 00b1 13       		.uleb128 0x13
ARM GAS  /tmp/cc3ejuua.s 			page 24


 1310 00b2 00       		.byte	0
 1311 00b3 00       		.byte	0
 1312 00b4 0F       		.uleb128 0xf
 1313 00b5 0D       		.uleb128 0xd
 1314 00b6 00       		.byte	0
 1315 00b7 03       		.uleb128 0x3
 1316 00b8 0E       		.uleb128 0xe
 1317 00b9 3A       		.uleb128 0x3a
 1318 00ba 0B       		.uleb128 0xb
 1319 00bb 3B       		.uleb128 0x3b
 1320 00bc 0B       		.uleb128 0xb
 1321 00bd 49       		.uleb128 0x49
 1322 00be 13       		.uleb128 0x13
 1323 00bf 00       		.byte	0
 1324 00c0 00       		.byte	0
 1325 00c1 10       		.uleb128 0x10
 1326 00c2 26       		.uleb128 0x26
 1327 00c3 00       		.byte	0
 1328 00c4 49       		.uleb128 0x49
 1329 00c5 13       		.uleb128 0x13
 1330 00c6 00       		.byte	0
 1331 00c7 00       		.byte	0
 1332 00c8 11       		.uleb128 0x11
 1333 00c9 2E       		.uleb128 0x2e
 1334 00ca 01       		.byte	0x1
 1335 00cb 03       		.uleb128 0x3
 1336 00cc 0E       		.uleb128 0xe
 1337 00cd 3A       		.uleb128 0x3a
 1338 00ce 0B       		.uleb128 0xb
 1339 00cf 3B       		.uleb128 0x3b
 1340 00d0 0B       		.uleb128 0xb
 1341 00d1 27       		.uleb128 0x27
 1342 00d2 0C       		.uleb128 0xc
 1343 00d3 20       		.uleb128 0x20
 1344 00d4 0B       		.uleb128 0xb
 1345 00d5 01       		.uleb128 0x1
 1346 00d6 13       		.uleb128 0x13
 1347 00d7 00       		.byte	0
 1348 00d8 00       		.byte	0
 1349 00d9 12       		.uleb128 0x12
 1350 00da 05       		.uleb128 0x5
 1351 00db 00       		.byte	0
 1352 00dc 03       		.uleb128 0x3
 1353 00dd 08       		.uleb128 0x8
 1354 00de 3A       		.uleb128 0x3a
 1355 00df 0B       		.uleb128 0xb
 1356 00e0 3B       		.uleb128 0x3b
 1357 00e1 0B       		.uleb128 0xb
 1358 00e2 49       		.uleb128 0x49
 1359 00e3 13       		.uleb128 0x13
 1360 00e4 00       		.byte	0
 1361 00e5 00       		.byte	0
 1362 00e6 13       		.uleb128 0x13
 1363 00e7 2E       		.uleb128 0x2e
 1364 00e8 01       		.byte	0x1
 1365 00e9 03       		.uleb128 0x3
 1366 00ea 0E       		.uleb128 0xe
ARM GAS  /tmp/cc3ejuua.s 			page 25


 1367 00eb 3A       		.uleb128 0x3a
 1368 00ec 0B       		.uleb128 0xb
 1369 00ed 3B       		.uleb128 0x3b
 1370 00ee 0B       		.uleb128 0xb
 1371 00ef 27       		.uleb128 0x27
 1372 00f0 0C       		.uleb128 0xc
 1373 00f1 49       		.uleb128 0x49
 1374 00f2 13       		.uleb128 0x13
 1375 00f3 20       		.uleb128 0x20
 1376 00f4 0B       		.uleb128 0xb
 1377 00f5 01       		.uleb128 0x1
 1378 00f6 13       		.uleb128 0x13
 1379 00f7 00       		.byte	0
 1380 00f8 00       		.byte	0
 1381 00f9 14       		.uleb128 0x14
 1382 00fa 34       		.uleb128 0x34
 1383 00fb 00       		.byte	0
 1384 00fc 03       		.uleb128 0x3
 1385 00fd 08       		.uleb128 0x8
 1386 00fe 3A       		.uleb128 0x3a
 1387 00ff 0B       		.uleb128 0xb
 1388 0100 3B       		.uleb128 0x3b
 1389 0101 0B       		.uleb128 0xb
 1390 0102 49       		.uleb128 0x49
 1391 0103 13       		.uleb128 0x13
 1392 0104 00       		.byte	0
 1393 0105 00       		.byte	0
 1394 0106 15       		.uleb128 0x15
 1395 0107 2E       		.uleb128 0x2e
 1396 0108 01       		.byte	0x1
 1397 0109 3F       		.uleb128 0x3f
 1398 010a 0C       		.uleb128 0xc
 1399 010b 03       		.uleb128 0x3
 1400 010c 0E       		.uleb128 0xe
 1401 010d 3A       		.uleb128 0x3a
 1402 010e 0B       		.uleb128 0xb
 1403 010f 3B       		.uleb128 0x3b
 1404 0110 0B       		.uleb128 0xb
 1405 0111 27       		.uleb128 0x27
 1406 0112 0C       		.uleb128 0xc
 1407 0113 49       		.uleb128 0x49
 1408 0114 13       		.uleb128 0x13
 1409 0115 11       		.uleb128 0x11
 1410 0116 01       		.uleb128 0x1
 1411 0117 12       		.uleb128 0x12
 1412 0118 01       		.uleb128 0x1
 1413 0119 40       		.uleb128 0x40
 1414 011a 06       		.uleb128 0x6
 1415 011b 9742     		.uleb128 0x2117
 1416 011d 0C       		.uleb128 0xc
 1417 011e 01       		.uleb128 0x1
 1418 011f 13       		.uleb128 0x13
 1419 0120 00       		.byte	0
 1420 0121 00       		.byte	0
 1421 0122 16       		.uleb128 0x16
 1422 0123 05       		.uleb128 0x5
 1423 0124 00       		.byte	0
ARM GAS  /tmp/cc3ejuua.s 			page 26


 1424 0125 03       		.uleb128 0x3
 1425 0126 08       		.uleb128 0x8
 1426 0127 3A       		.uleb128 0x3a
 1427 0128 0B       		.uleb128 0xb
 1428 0129 3B       		.uleb128 0x3b
 1429 012a 0B       		.uleb128 0xb
 1430 012b 49       		.uleb128 0x49
 1431 012c 13       		.uleb128 0x13
 1432 012d 02       		.uleb128 0x2
 1433 012e 06       		.uleb128 0x6
 1434 012f 00       		.byte	0
 1435 0130 00       		.byte	0
 1436 0131 17       		.uleb128 0x17
 1437 0132 34       		.uleb128 0x34
 1438 0133 00       		.byte	0
 1439 0134 03       		.uleb128 0x3
 1440 0135 08       		.uleb128 0x8
 1441 0136 3A       		.uleb128 0x3a
 1442 0137 0B       		.uleb128 0xb
 1443 0138 3B       		.uleb128 0x3b
 1444 0139 0B       		.uleb128 0xb
 1445 013a 49       		.uleb128 0x49
 1446 013b 13       		.uleb128 0x13
 1447 013c 02       		.uleb128 0x2
 1448 013d 0A       		.uleb128 0xa
 1449 013e 00       		.byte	0
 1450 013f 00       		.byte	0
 1451 0140 18       		.uleb128 0x18
 1452 0141 0B       		.uleb128 0xb
 1453 0142 01       		.byte	0x1
 1454 0143 11       		.uleb128 0x11
 1455 0144 01       		.uleb128 0x1
 1456 0145 12       		.uleb128 0x12
 1457 0146 01       		.uleb128 0x1
 1458 0147 01       		.uleb128 0x1
 1459 0148 13       		.uleb128 0x13
 1460 0149 00       		.byte	0
 1461 014a 00       		.byte	0
 1462 014b 19       		.uleb128 0x19
 1463 014c 34       		.uleb128 0x34
 1464 014d 00       		.byte	0
 1465 014e 03       		.uleb128 0x3
 1466 014f 08       		.uleb128 0x8
 1467 0150 3A       		.uleb128 0x3a
 1468 0151 0B       		.uleb128 0xb
 1469 0152 3B       		.uleb128 0x3b
 1470 0153 0B       		.uleb128 0xb
 1471 0154 49       		.uleb128 0x49
 1472 0155 13       		.uleb128 0x13
 1473 0156 02       		.uleb128 0x2
 1474 0157 06       		.uleb128 0x6
 1475 0158 00       		.byte	0
 1476 0159 00       		.byte	0
 1477 015a 1A       		.uleb128 0x1a
 1478 015b 1D       		.uleb128 0x1d
 1479 015c 01       		.byte	0x1
 1480 015d 31       		.uleb128 0x31
ARM GAS  /tmp/cc3ejuua.s 			page 27


 1481 015e 13       		.uleb128 0x13
 1482 015f 52       		.uleb128 0x52
 1483 0160 01       		.uleb128 0x1
 1484 0161 55       		.uleb128 0x55
 1485 0162 06       		.uleb128 0x6
 1486 0163 58       		.uleb128 0x58
 1487 0164 0B       		.uleb128 0xb
 1488 0165 59       		.uleb128 0x59
 1489 0166 0B       		.uleb128 0xb
 1490 0167 01       		.uleb128 0x1
 1491 0168 13       		.uleb128 0x13
 1492 0169 00       		.byte	0
 1493 016a 00       		.byte	0
 1494 016b 1B       		.uleb128 0x1b
 1495 016c 05       		.uleb128 0x5
 1496 016d 00       		.byte	0
 1497 016e 31       		.uleb128 0x31
 1498 016f 13       		.uleb128 0x13
 1499 0170 02       		.uleb128 0x2
 1500 0171 0A       		.uleb128 0xa
 1501 0172 00       		.byte	0
 1502 0173 00       		.byte	0
 1503 0174 1C       		.uleb128 0x1c
 1504 0175 898201   		.uleb128 0x4109
 1505 0178 01       		.byte	0x1
 1506 0179 11       		.uleb128 0x11
 1507 017a 01       		.uleb128 0x1
 1508 017b 31       		.uleb128 0x31
 1509 017c 13       		.uleb128 0x13
 1510 017d 01       		.uleb128 0x1
 1511 017e 13       		.uleb128 0x13
 1512 017f 00       		.byte	0
 1513 0180 00       		.byte	0
 1514 0181 1D       		.uleb128 0x1d
 1515 0182 8A8201   		.uleb128 0x410a
 1516 0185 00       		.byte	0
 1517 0186 02       		.uleb128 0x2
 1518 0187 0A       		.uleb128 0xa
 1519 0188 9142     		.uleb128 0x2111
 1520 018a 0A       		.uleb128 0xa
 1521 018b 00       		.byte	0
 1522 018c 00       		.byte	0
 1523 018d 1E       		.uleb128 0x1e
 1524 018e 898201   		.uleb128 0x4109
 1525 0191 00       		.byte	0
 1526 0192 11       		.uleb128 0x11
 1527 0193 01       		.uleb128 0x1
 1528 0194 31       		.uleb128 0x31
 1529 0195 13       		.uleb128 0x13
 1530 0196 00       		.byte	0
 1531 0197 00       		.byte	0
 1532 0198 1F       		.uleb128 0x1f
 1533 0199 1D       		.uleb128 0x1d
 1534 019a 01       		.byte	0x1
 1535 019b 31       		.uleb128 0x31
 1536 019c 13       		.uleb128 0x13
 1537 019d 11       		.uleb128 0x11
ARM GAS  /tmp/cc3ejuua.s 			page 28


 1538 019e 01       		.uleb128 0x1
 1539 019f 12       		.uleb128 0x12
 1540 01a0 01       		.uleb128 0x1
 1541 01a1 58       		.uleb128 0x58
 1542 01a2 0B       		.uleb128 0xb
 1543 01a3 59       		.uleb128 0x59
 1544 01a4 0B       		.uleb128 0xb
 1545 01a5 01       		.uleb128 0x1
 1546 01a6 13       		.uleb128 0x13
 1547 01a7 00       		.byte	0
 1548 01a8 00       		.byte	0
 1549 01a9 20       		.uleb128 0x20
 1550 01aa 05       		.uleb128 0x5
 1551 01ab 00       		.byte	0
 1552 01ac 31       		.uleb128 0x31
 1553 01ad 13       		.uleb128 0x13
 1554 01ae 02       		.uleb128 0x2
 1555 01af 06       		.uleb128 0x6
 1556 01b0 00       		.byte	0
 1557 01b1 00       		.byte	0
 1558 01b2 21       		.uleb128 0x21
 1559 01b3 0B       		.uleb128 0xb
 1560 01b4 01       		.byte	0x1
 1561 01b5 11       		.uleb128 0x11
 1562 01b6 01       		.uleb128 0x1
 1563 01b7 12       		.uleb128 0x12
 1564 01b8 01       		.uleb128 0x1
 1565 01b9 00       		.byte	0
 1566 01ba 00       		.byte	0
 1567 01bb 22       		.uleb128 0x22
 1568 01bc 34       		.uleb128 0x34
 1569 01bd 00       		.byte	0
 1570 01be 31       		.uleb128 0x31
 1571 01bf 13       		.uleb128 0x13
 1572 01c0 02       		.uleb128 0x2
 1573 01c1 06       		.uleb128 0x6
 1574 01c2 00       		.byte	0
 1575 01c3 00       		.byte	0
 1576 01c4 23       		.uleb128 0x23
 1577 01c5 898201   		.uleb128 0x4109
 1578 01c8 01       		.byte	0x1
 1579 01c9 11       		.uleb128 0x11
 1580 01ca 01       		.uleb128 0x1
 1581 01cb 31       		.uleb128 0x31
 1582 01cc 13       		.uleb128 0x13
 1583 01cd 00       		.byte	0
 1584 01ce 00       		.byte	0
 1585 01cf 24       		.uleb128 0x24
 1586 01d0 2E       		.uleb128 0x2e
 1587 01d1 01       		.byte	0x1
 1588 01d2 3F       		.uleb128 0x3f
 1589 01d3 0C       		.uleb128 0xc
 1590 01d4 03       		.uleb128 0x3
 1591 01d5 0E       		.uleb128 0xe
 1592 01d6 3A       		.uleb128 0x3a
 1593 01d7 0B       		.uleb128 0xb
 1594 01d8 3B       		.uleb128 0x3b
ARM GAS  /tmp/cc3ejuua.s 			page 29


 1595 01d9 0B       		.uleb128 0xb
 1596 01da 27       		.uleb128 0x27
 1597 01db 0C       		.uleb128 0xc
 1598 01dc 11       		.uleb128 0x11
 1599 01dd 01       		.uleb128 0x1
 1600 01de 12       		.uleb128 0x12
 1601 01df 01       		.uleb128 0x1
 1602 01e0 40       		.uleb128 0x40
 1603 01e1 06       		.uleb128 0x6
 1604 01e2 9742     		.uleb128 0x2117
 1605 01e4 0C       		.uleb128 0xc
 1606 01e5 01       		.uleb128 0x1
 1607 01e6 13       		.uleb128 0x13
 1608 01e7 00       		.byte	0
 1609 01e8 00       		.byte	0
 1610 01e9 25       		.uleb128 0x25
 1611 01ea 34       		.uleb128 0x34
 1612 01eb 00       		.byte	0
 1613 01ec 03       		.uleb128 0x3
 1614 01ed 0E       		.uleb128 0xe
 1615 01ee 3A       		.uleb128 0x3a
 1616 01ef 0B       		.uleb128 0xb
 1617 01f0 3B       		.uleb128 0x3b
 1618 01f1 0B       		.uleb128 0xb
 1619 01f2 49       		.uleb128 0x49
 1620 01f3 13       		.uleb128 0x13
 1621 01f4 3F       		.uleb128 0x3f
 1622 01f5 0C       		.uleb128 0xc
 1623 01f6 3C       		.uleb128 0x3c
 1624 01f7 0C       		.uleb128 0xc
 1625 01f8 00       		.byte	0
 1626 01f9 00       		.byte	0
 1627 01fa 26       		.uleb128 0x26
 1628 01fb 2E       		.uleb128 0x2e
 1629 01fc 01       		.byte	0x1
 1630 01fd 3F       		.uleb128 0x3f
 1631 01fe 0C       		.uleb128 0xc
 1632 01ff 03       		.uleb128 0x3
 1633 0200 0E       		.uleb128 0xe
 1634 0201 3A       		.uleb128 0x3a
 1635 0202 0B       		.uleb128 0xb
 1636 0203 3B       		.uleb128 0x3b
 1637 0204 0B       		.uleb128 0xb
 1638 0205 27       		.uleb128 0x27
 1639 0206 0C       		.uleb128 0xc
 1640 0207 3C       		.uleb128 0x3c
 1641 0208 0C       		.uleb128 0xc
 1642 0209 01       		.uleb128 0x1
 1643 020a 13       		.uleb128 0x13
 1644 020b 00       		.byte	0
 1645 020c 00       		.byte	0
 1646 020d 27       		.uleb128 0x27
 1647 020e 05       		.uleb128 0x5
 1648 020f 00       		.byte	0
 1649 0210 49       		.uleb128 0x49
 1650 0211 13       		.uleb128 0x13
 1651 0212 00       		.byte	0
ARM GAS  /tmp/cc3ejuua.s 			page 30


 1652 0213 00       		.byte	0
 1653 0214 28       		.uleb128 0x28
 1654 0215 2E       		.uleb128 0x2e
 1655 0216 01       		.byte	0x1
 1656 0217 3F       		.uleb128 0x3f
 1657 0218 0C       		.uleb128 0xc
 1658 0219 03       		.uleb128 0x3
 1659 021a 0E       		.uleb128 0xe
 1660 021b 3A       		.uleb128 0x3a
 1661 021c 0B       		.uleb128 0xb
 1662 021d 3B       		.uleb128 0x3b
 1663 021e 0B       		.uleb128 0xb
 1664 021f 27       		.uleb128 0x27
 1665 0220 0C       		.uleb128 0xc
 1666 0221 49       		.uleb128 0x49
 1667 0222 13       		.uleb128 0x13
 1668 0223 3C       		.uleb128 0x3c
 1669 0224 0C       		.uleb128 0xc
 1670 0225 01       		.uleb128 0x1
 1671 0226 13       		.uleb128 0x13
 1672 0227 00       		.byte	0
 1673 0228 00       		.byte	0
 1674 0229 29       		.uleb128 0x29
 1675 022a 2E       		.uleb128 0x2e
 1676 022b 01       		.byte	0x1
 1677 022c 3F       		.uleb128 0x3f
 1678 022d 0C       		.uleb128 0xc
 1679 022e 03       		.uleb128 0x3
 1680 022f 0E       		.uleb128 0xe
 1681 0230 3A       		.uleb128 0x3a
 1682 0231 0B       		.uleb128 0xb
 1683 0232 3B       		.uleb128 0x3b
 1684 0233 0B       		.uleb128 0xb
 1685 0234 27       		.uleb128 0x27
 1686 0235 0C       		.uleb128 0xc
 1687 0236 3C       		.uleb128 0x3c
 1688 0237 0C       		.uleb128 0xc
 1689 0238 00       		.byte	0
 1690 0239 00       		.byte	0
 1691 023a 00       		.byte	0
 1692              		.section	.debug_loc,"",%progbits
 1693              	.Ldebug_loc0:
 1694              	.LLST0:
 1695 0000 00000000 		.4byte	.LFB7
 1696 0004 02000000 		.4byte	.LCFI0
 1697 0008 0200     		.2byte	0x2
 1698 000a 7D       		.byte	0x7d
 1699 000b 00       		.sleb128 0
 1700 000c 02000000 		.4byte	.LCFI0
 1701 0010 40000000 		.4byte	.LFE7
 1702 0014 0200     		.2byte	0x2
 1703 0016 7D       		.byte	0x7d
 1704 0017 10       		.sleb128 16
 1705 0018 00000000 		.4byte	0
 1706 001c 00000000 		.4byte	0
 1707              	.LLST1:
 1708 0020 00000000 		.4byte	.LVL0
ARM GAS  /tmp/cc3ejuua.s 			page 31


 1709 0024 24000000 		.4byte	.LVL6
 1710 0028 0100     		.2byte	0x1
 1711 002a 50       		.byte	0x50
 1712 002b 24000000 		.4byte	.LVL6
 1713 002f 34000000 		.4byte	.LVL11
 1714 0033 0300     		.2byte	0x3
 1715 0035 75       		.byte	0x75
 1716 0036 54       		.sleb128 -44
 1717 0037 9F       		.byte	0x9f
 1718 0038 34000000 		.4byte	.LVL11
 1719 003c 37000000 		.4byte	.LVL12-1
 1720 0040 0100     		.2byte	0x1
 1721 0042 50       		.byte	0x50
 1722 0043 37000000 		.4byte	.LVL12-1
 1723 0047 40000000 		.4byte	.LFE7
 1724 004b 0300     		.2byte	0x3
 1725 004d 75       		.byte	0x75
 1726 004e 54       		.sleb128 -44
 1727 004f 9F       		.byte	0x9f
 1728 0050 00000000 		.4byte	0
 1729 0054 00000000 		.4byte	0
 1730              	.LLST2:
 1731 0058 00000000 		.4byte	.LVL0
 1732 005c 24000000 		.4byte	.LVL6
 1733 0060 0100     		.2byte	0x1
 1734 0062 51       		.byte	0x51
 1735 0063 24000000 		.4byte	.LVL6
 1736 0067 2C000000 		.4byte	.LVL8
 1737 006b 0400     		.2byte	0x4
 1738 006d F3       		.byte	0xf3
 1739 006e 01       		.uleb128 0x1
 1740 006f 51       		.byte	0x51
 1741 0070 9F       		.byte	0x9f
 1742 0071 2C000000 		.4byte	.LVL8
 1743 0075 34000000 		.4byte	.LVL11
 1744 0079 0100     		.2byte	0x1
 1745 007b 50       		.byte	0x50
 1746 007c 34000000 		.4byte	.LVL11
 1747 0080 37000000 		.4byte	.LVL12-1
 1748 0084 0100     		.2byte	0x1
 1749 0086 51       		.byte	0x51
 1750 0087 37000000 		.4byte	.LVL12-1
 1751 008b 40000000 		.4byte	.LFE7
 1752 008f 0400     		.2byte	0x4
 1753 0091 F3       		.byte	0xf3
 1754 0092 01       		.uleb128 0x1
 1755 0093 51       		.byte	0x51
 1756 0094 9F       		.byte	0x9f
 1757 0095 00000000 		.4byte	0
 1758 0099 00000000 		.4byte	0
 1759              	.LLST3:
 1760 009d 0C000000 		.4byte	.LVL3
 1761 00a1 16000000 		.4byte	.LVL5
 1762 00a5 0100     		.2byte	0x1
 1763 00a7 53       		.byte	0x53
 1764 00a8 00000000 		.4byte	0
 1765 00ac 00000000 		.4byte	0
ARM GAS  /tmp/cc3ejuua.s 			page 32


 1766              	.LLST4:
 1767 00b0 32000000 		.4byte	.LVL10
 1768 00b4 34000000 		.4byte	.LVL11
 1769 00b8 0100     		.2byte	0x1
 1770 00ba 53       		.byte	0x53
 1771 00bb 00000000 		.4byte	0
 1772 00bf 00000000 		.4byte	0
 1773              	.LLST5:
 1774 00c3 00000000 		.4byte	.LFB8
 1775 00c7 02000000 		.4byte	.LCFI1
 1776 00cb 0200     		.2byte	0x2
 1777 00cd 7D       		.byte	0x7d
 1778 00ce 00       		.sleb128 0
 1779 00cf 02000000 		.4byte	.LCFI1
 1780 00d3 3C000000 		.4byte	.LFE8
 1781 00d7 0200     		.2byte	0x2
 1782 00d9 7D       		.byte	0x7d
 1783 00da 08       		.sleb128 8
 1784 00db 00000000 		.4byte	0
 1785 00df 00000000 		.4byte	0
 1786              	.LLST6:
 1787 00e3 08000000 		.4byte	.LVL14
 1788 00e7 0C000000 		.4byte	.LVL15
 1789 00eb 0100     		.2byte	0x1
 1790 00ed 53       		.byte	0x53
 1791 00ee 00000000 		.4byte	0
 1792 00f2 00000000 		.4byte	0
 1793              	.LLST7:
 1794 00f6 16000000 		.4byte	.LVL16
 1795 00fa 22000000 		.4byte	.LVL17
 1796 00fe 0300     		.2byte	0x3
 1797 0100 73       		.byte	0x73
 1798 0101 2C       		.sleb128 44
 1799 0102 9F       		.byte	0x9f
 1800 0103 00000000 		.4byte	0
 1801 0107 00000000 		.4byte	0
 1802              	.LLST8:
 1803 010b 16000000 		.4byte	.LVL16
 1804 010f 28000000 		.4byte	.LVL19
 1805 0113 0100     		.2byte	0x1
 1806 0115 50       		.byte	0x50
 1807 0116 00000000 		.4byte	0
 1808 011a 00000000 		.4byte	0
 1809              	.LLST9:
 1810 011e 26000000 		.4byte	.LVL18
 1811 0122 28000000 		.4byte	.LVL19
 1812 0126 0100     		.2byte	0x1
 1813 0128 53       		.byte	0x53
 1814 0129 00000000 		.4byte	0
 1815 012d 00000000 		.4byte	0
 1816              	.LLST10:
 1817 0131 00000000 		.4byte	.LFB9
 1818 0135 02000000 		.4byte	.LCFI2
 1819 0139 0200     		.2byte	0x2
 1820 013b 7D       		.byte	0x7d
 1821 013c 00       		.sleb128 0
 1822 013d 02000000 		.4byte	.LCFI2
ARM GAS  /tmp/cc3ejuua.s 			page 33


 1823 0141 14000000 		.4byte	.LFE9
 1824 0145 0200     		.2byte	0x2
 1825 0147 7D       		.byte	0x7d
 1826 0148 08       		.sleb128 8
 1827 0149 00000000 		.4byte	0
 1828 014d 00000000 		.4byte	0
 1829              	.LLST11:
 1830 0151 00000000 		.4byte	.LVL21
 1831 0155 0B000000 		.4byte	.LVL24-1
 1832 0159 0100     		.2byte	0x1
 1833 015b 50       		.byte	0x50
 1834 015c 0B000000 		.4byte	.LVL24-1
 1835 0160 14000000 		.4byte	.LFE9
 1836 0164 0400     		.2byte	0x4
 1837 0166 F3       		.byte	0xf3
 1838 0167 01       		.uleb128 0x1
 1839 0168 50       		.byte	0x50
 1840 0169 9F       		.byte	0x9f
 1841 016a 00000000 		.4byte	0
 1842 016e 00000000 		.4byte	0
 1843              	.LLST12:
 1844 0172 00000000 		.4byte	.LVL21
 1845 0176 0B000000 		.4byte	.LVL24-1
 1846 017a 0100     		.2byte	0x1
 1847 017c 51       		.byte	0x51
 1848 017d 0B000000 		.4byte	.LVL24-1
 1849 0181 14000000 		.4byte	.LFE9
 1850 0185 0400     		.2byte	0x4
 1851 0187 F3       		.byte	0xf3
 1852 0188 01       		.uleb128 0x1
 1853 0189 51       		.byte	0x51
 1854 018a 9F       		.byte	0x9f
 1855 018b 00000000 		.4byte	0
 1856 018f 00000000 		.4byte	0
 1857              	.LLST13:
 1858 0193 08000000 		.4byte	.LVL23
 1859 0197 0B000000 		.4byte	.LVL24-1
 1860 019b 0100     		.2byte	0x1
 1861 019d 53       		.byte	0x53
 1862 019e 00000000 		.4byte	0
 1863 01a2 00000000 		.4byte	0
 1864              	.LLST14:
 1865 01a6 12000000 		.4byte	.LVL26
 1866 01aa 14000000 		.4byte	.LFE9
 1867 01ae 0100     		.2byte	0x1
 1868 01b0 53       		.byte	0x53
 1869 01b1 00000000 		.4byte	0
 1870 01b5 00000000 		.4byte	0
 1871              		.section	.debug_aranges,"",%progbits
 1872 0000 2C000000 		.4byte	0x2c
 1873 0004 0200     		.2byte	0x2
 1874 0006 00000000 		.4byte	.Ldebug_info0
 1875 000a 04       		.byte	0x4
 1876 000b 00       		.byte	0
 1877 000c 0000     		.2byte	0
 1878 000e 0000     		.2byte	0
 1879 0010 00000000 		.4byte	.LFB7
ARM GAS  /tmp/cc3ejuua.s 			page 34


 1880 0014 40000000 		.4byte	.LFE7-.LFB7
 1881 0018 00000000 		.4byte	.LFB8
 1882 001c 3C000000 		.4byte	.LFE8-.LFB8
 1883 0020 00000000 		.4byte	.LFB9
 1884 0024 14000000 		.4byte	.LFE9-.LFB9
 1885 0028 00000000 		.4byte	0
 1886 002c 00000000 		.4byte	0
 1887              		.section	.debug_ranges,"",%progbits
 1888              	.Ldebug_ranges0:
 1889 0000 14000000 		.4byte	.LBB11
 1890 0004 18000000 		.4byte	.LBE11
 1891 0008 1C000000 		.4byte	.LBB14
 1892 000c 22000000 		.4byte	.LBE14
 1893 0010 00000000 		.4byte	0
 1894 0014 00000000 		.4byte	0
 1895 0018 00000000 		.4byte	.LFB7
 1896 001c 40000000 		.4byte	.LFE7
 1897 0020 00000000 		.4byte	.LFB8
 1898 0024 3C000000 		.4byte	.LFE8
 1899 0028 00000000 		.4byte	.LFB9
 1900 002c 14000000 		.4byte	.LFE9
 1901 0030 00000000 		.4byte	0
 1902 0034 00000000 		.4byte	0
 1903              		.section	.debug_line,"",%progbits
 1904              	.Ldebug_line0:
 1905 0000 AF010000 		.section	.debug_str,"MS",%progbits,1
 1905      02004701 
 1905      00000201 
 1905      FB0E0D00 
 1905      01010101 
 1906              	.LASF36:
 1907 0000 705F6D73 		.ascii	"p_msg\000"
 1907      6700
 1908              	.LASF68:
 1909 0006 71756575 		.ascii	"queue_insert\000"
 1909      655F696E 
 1909      73657274 
 1909      00
 1910              	.LASF58:
 1911 0013 7264796D 		.ascii	"rdymsg\000"
 1911      736700
 1912              	.LASF11:
 1913 001a 6C6F6E67 		.ascii	"long long unsigned int\000"
 1913      206C6F6E 
 1913      6720756E 
 1913      7369676E 
 1913      65642069 
 1914              	.LASF59:
 1915 0031 65786974 		.ascii	"exitcode\000"
 1915      636F6465 
 1915      00
 1916              	.LASF24:
 1917 003a 705F7072 		.ascii	"p_prio\000"
 1917      696F00
 1918              	.LASF10:
 1919 0041 6C6F6E67 		.ascii	"long long int\000"
 1919      206C6F6E 
ARM GAS  /tmp/cc3ejuua.s 			page 35


 1919      6720696E 
 1919      7400
 1920              	.LASF1:
 1921 004f 7369676E 		.ascii	"signed char\000"
 1921      65642063 
 1921      68617200 
 1922              	.LASF40:
 1923 005b 705F6D70 		.ascii	"p_mpool\000"
 1923      6F6F6C00 
 1924              	.LASF55:
 1925 0063 6D5F7175 		.ascii	"m_queue\000"
 1925      65756500 
 1926              	.LASF16:
 1927 006b 74736C69 		.ascii	"tslices_t\000"
 1927      6365735F 
 1927      7400
 1928              	.LASF7:
 1929 0075 6C6F6E67 		.ascii	"long int\000"
 1929      20696E74 
 1929      00
 1930              	.LASF63:
 1931 007e 63684D73 		.ascii	"chMsgSend\000"
 1931      6753656E 
 1931      6400
 1932              	.LASF14:
 1933 0088 74737461 		.ascii	"tstate_t\000"
 1933      74655F74 
 1933      00
 1934              	.LASF26:
 1935 0091 705F6E65 		.ascii	"p_newer\000"
 1935      77657200 
 1936              	.LASF50:
 1937 0099 725F6E65 		.ascii	"r_newer\000"
 1937      77657200 
 1938              	.LASF43:
 1939 00a1 72656761 		.ascii	"regarm_t\000"
 1939      726D5F74 
 1939      00
 1940              	.LASF0:
 1941 00aa 756E7369 		.ascii	"unsigned int\000"
 1941      676E6564 
 1941      20696E74 
 1941      00
 1942              	.LASF9:
 1943 00b7 6C6F6E67 		.ascii	"long unsigned int\000"
 1943      20756E73 
 1943      69676E65 
 1943      6420696E 
 1943      7400
 1944              	.LASF67:
 1945 00c9 2F6F7074 		.ascii	"/opt/ChibiStudio/ChibiOS_2.6.5/demos/ARMCM4-STM32F3"
 1945      2F436869 
 1945      62695374 
 1945      7564696F 
 1945      2F436869 
 1946 00fc 30332D44 		.ascii	"03-DISCOVERY\000"
 1946      4953434F 
ARM GAS  /tmp/cc3ejuua.s 			page 36


 1946      56455259 
 1946      00
 1947              	.LASF45:
 1948 0109 636F6E74 		.ascii	"context\000"
 1948      65787400 
 1949              	.LASF4:
 1950 0111 73686F72 		.ascii	"short unsigned int\000"
 1950      7420756E 
 1950      7369676E 
 1950      65642069 
 1950      6E7400
 1951              	.LASF18:
 1952 0124 6D73675F 		.ascii	"msg_t\000"
 1952      7400
 1953              	.LASF13:
 1954 012a 746D6F64 		.ascii	"tmode_t\000"
 1954      655F7400 
 1955              	.LASF42:
 1956 0132 54687265 		.ascii	"ThreadsList\000"
 1956      6164734C 
 1956      69737400 
 1957              	.LASF19:
 1958 013e 6576656E 		.ascii	"eventmask_t\000"
 1958      746D6173 
 1958      6B5F7400 
 1959              	.LASF54:
 1960 014a 4D757465 		.ascii	"Mutex\000"
 1960      7800
 1961              	.LASF46:
 1962 0150 73697A65 		.ascii	"sizetype\000"
 1962      74797065 
 1962      00
 1963              	.LASF27:
 1964 0159 705F6F6C 		.ascii	"p_older\000"
 1964      64657200 
 1965              	.LASF49:
 1966 0161 725F6374 		.ascii	"r_ctx\000"
 1966      7800
 1967              	.LASF41:
 1968 0167 54687265 		.ascii	"ThreadsQueue\000"
 1968      61647351 
 1968      75657565 
 1968      00
 1969              	.LASF52:
 1970 0174 725F6375 		.ascii	"r_current\000"
 1970      7272656E 
 1970      7400
 1971              	.LASF51:
 1972 017e 725F6F6C 		.ascii	"r_older\000"
 1972      64657200 
 1973              	.LASF15:
 1974 0186 74726566 		.ascii	"trefs_t\000"
 1974      735F7400 
 1975              	.LASF23:
 1976 018e 705F7072 		.ascii	"p_prev\000"
 1976      657600
 1977              	.LASF17:
ARM GAS  /tmp/cc3ejuua.s 			page 37


 1978 0195 74707269 		.ascii	"tprio_t\000"
 1978      6F5F7400 
 1979              	.LASF65:
 1980 019d 474E5520 		.ascii	"GNU C 4.7.3 20130312 (release) [ARM/embedded-4_7-br"
 1980      4320342E 
 1980      372E3320 
 1980      32303133 
 1980      30333132 
 1981 01d0 616E6368 		.ascii	"anch revision 196615]\000"
 1981      20726576 
 1981      6973696F 
 1981      6E203139 
 1981      36363135 
 1982              	.LASF12:
 1983 01e6 5F426F6F 		.ascii	"_Bool\000"
 1983      6C00
 1984              	.LASF6:
 1985 01ec 696E7433 		.ascii	"int32_t\000"
 1985      325F7400 
 1986              	.LASF2:
 1987 01f4 756E7369 		.ascii	"unsigned char\000"
 1987      676E6564 
 1987      20636861 
 1987      7200
 1988              	.LASF38:
 1989 0202 705F6D74 		.ascii	"p_mtxlist\000"
 1989      786C6973 
 1989      7400
 1990              	.LASF3:
 1991 020c 73686F72 		.ascii	"short int\000"
 1991      7420696E 
 1991      7400
 1992              	.LASF29:
 1993 0216 705F7374 		.ascii	"p_state\000"
 1993      61746500 
 1994              	.LASF32:
 1995 021e 705F7072 		.ascii	"p_preempt\000"
 1995      65656D70 
 1995      7400
 1996              	.LASF48:
 1997 0228 725F7072 		.ascii	"r_prio\000"
 1997      696F00
 1998              	.LASF61:
 1999 022f 65776D61 		.ascii	"ewmask\000"
 1999      736B00
 2000              	.LASF22:
 2001 0236 705F6E65 		.ascii	"p_next\000"
 2001      787400
 2002              	.LASF30:
 2003 023d 705F666C 		.ascii	"p_flags\000"
 2003      61677300 
 2004              	.LASF21:
 2005 0245 54687265 		.ascii	"Thread\000"
 2005      616400
 2006              	.LASF70:
 2007 024c 63684D73 		.ascii	"chMsgRelease\000"
 2007      6752656C 
ARM GAS  /tmp/cc3ejuua.s 			page 38


 2007      65617365 
 2007      00
 2008              	.LASF72:
 2009 0259 63685363 		.ascii	"chSchGoSleepS\000"
 2009      68476F53 
 2009      6C656570 
 2009      5300
 2010              	.LASF37:
 2011 0267 705F6570 		.ascii	"p_epending\000"
 2011      656E6469 
 2011      6E6700
 2012              	.LASF8:
 2013 0272 75696E74 		.ascii	"uint32_t\000"
 2013      33325F74 
 2013      00
 2014              	.LASF47:
 2015 027b 725F7175 		.ascii	"r_queue\000"
 2015      65756500 
 2016              	.LASF73:
 2017 0283 63685363 		.ascii	"chSchReadyI\000"
 2017      68526561 
 2017      64794900 
 2018              	.LASF62:
 2019 028f 63686172 		.ascii	"char\000"
 2019      00
 2020              	.LASF69:
 2021 0294 6669666F 		.ascii	"fifo_remove\000"
 2021      5F72656D 
 2021      6F766500 
 2022              	.LASF57:
 2023 02a0 6D5F6E65 		.ascii	"m_next\000"
 2023      787400
 2024              	.LASF20:
 2025 02a7 73797374 		.ascii	"systime_t\000"
 2025      696D655F 
 2025      7400
 2026              	.LASF39:
 2027 02b1 705F7265 		.ascii	"p_realprio\000"
 2027      616C7072 
 2027      696F00
 2028              	.LASF33:
 2029 02bc 705F7469 		.ascii	"p_time\000"
 2029      6D6500
 2030              	.LASF44:
 2031 02c3 696E7463 		.ascii	"intctx\000"
 2031      747800
 2032              	.LASF35:
 2033 02ca 705F6D73 		.ascii	"p_msgqueue\000"
 2033      67717565 
 2033      756500
 2034              	.LASF74:
 2035 02d5 63685363 		.ascii	"chSchWakeupS\000"
 2035      6857616B 
 2035      65757053 
 2035      00
 2036              	.LASF64:
 2037 02e2 63684D73 		.ascii	"chMsgWait\000"
ARM GAS  /tmp/cc3ejuua.s 			page 39


 2037      67576169 
 2037      7400
 2038              	.LASF31:
 2039 02ec 705F7265 		.ascii	"p_refs\000"
 2039      667300
 2040              	.LASF53:
 2041 02f3 52656164 		.ascii	"ReadyList\000"
 2041      794C6973 
 2041      7400
 2042              	.LASF71:
 2043 02fd 726C6973 		.ascii	"rlist\000"
 2043      7400
 2044              	.LASF5:
 2045 0303 75696E74 		.ascii	"uint8_t\000"
 2045      385F7400 
 2046              	.LASF60:
 2047 030b 77746F62 		.ascii	"wtobjp\000"
 2047      6A7000
 2048              	.LASF28:
 2049 0312 705F6E61 		.ascii	"p_name\000"
 2049      6D6500
 2050              	.LASF66:
 2051 0319 2E2E2F2E 		.ascii	"../../os/kernel/src/chmsg.c\000"
 2051      2E2F6F73 
 2051      2F6B6572 
 2051      6E656C2F 
 2051      7372632F 
 2052              	.LASF56:
 2053 0335 6D5F6F77 		.ascii	"m_owner\000"
 2053      6E657200 
 2054              	.LASF25:
 2055 033d 705F6374 		.ascii	"p_ctx\000"
 2055      7800
 2056              	.LASF34:
 2057 0343 705F7761 		.ascii	"p_waiting\000"
 2057      6974696E 
 2057      6700
 2058              		.ident	"GCC: (GNU Tools for ARM Embedded Processors) 4.7.3 20130312 (release) [ARM/embedded-4_7-br
ARM GAS  /tmp/cc3ejuua.s 			page 40


DEFINED SYMBOLS
                            *ABS*:00000000 chmsg.c
     /tmp/cc3ejuua.s:19     .text.chMsgSend:00000000 $t
     /tmp/cc3ejuua.s:25     .text.chMsgSend:00000000 chMsgSend
     /tmp/cc3ejuua.s:115    .text.chMsgSend:0000003c $d
     /tmp/cc3ejuua.s:120    .text.chMsgWait:00000000 $t
     /tmp/cc3ejuua.s:126    .text.chMsgWait:00000000 chMsgWait
     /tmp/cc3ejuua.s:193    .text.chMsgWait:00000038 $d
     /tmp/cc3ejuua.s:198    .text.chMsgRelease:00000000 $t
     /tmp/cc3ejuua.s:204    .text.chMsgRelease:00000000 chMsgRelease
                     .debug_frame:00000010 $d
     /tmp/cc3ejuua.s:197    .text.chMsgWait:0000003c $t

UNDEFINED SYMBOLS
chSchGoSleepS
chSchReadyI
rlist
chSchWakeupS
